[2025-09-20 12:01:49Z INFO HostContext] No proxy settings were found based on environmental variables (http_proxy/https_proxy/HTTP_PROXY/HTTPS_PROXY)
[2025-09-20 12:01:49Z INFO HostContext] Well known directory 'Bin': 'C:\Users\MOHAMMED SAIFUDDIN\wisecow-assig\k8s\actions-runner\bin'
[2025-09-20 12:01:49Z INFO HostContext] Well known directory 'Root': 'C:\Users\MOHAMMED SAIFUDDIN\wisecow-assig\k8s\actions-runner'
[2025-09-20 12:01:49Z INFO HostContext] Well known config file 'Credentials': 'C:\Users\MOHAMMED SAIFUDDIN\wisecow-assig\k8s\actions-runner\.credentials'
[2025-09-20 12:01:49Z INFO HostContext] Well known directory 'Bin': 'C:\Users\MOHAMMED SAIFUDDIN\wisecow-assig\k8s\actions-runner\bin'
[2025-09-20 12:01:49Z INFO HostContext] Well known directory 'Root': 'C:\Users\MOHAMMED SAIFUDDIN\wisecow-assig\k8s\actions-runner'
[2025-09-20 12:01:49Z INFO HostContext] Well known config file 'Runner': 'C:\Users\MOHAMMED SAIFUDDIN\wisecow-assig\k8s\actions-runner\.runner'
[2025-09-20 12:01:49Z INFO Listener] Runner is built for Windows (X64) - win-x64.
[2025-09-20 12:01:49Z INFO Listener] RuntimeInformation: Microsoft Windows 10.0.26100.
[2025-09-20 12:01:49Z INFO Listener] Version: 2.328.0
[2025-09-20 12:01:49Z INFO Listener] Commit: 6f9a9110adce65f44ca6f7c0ae142b9cc6af937b
[2025-09-20 12:01:49Z INFO Listener] Culture: en-IN
[2025-09-20 12:01:49Z INFO Listener] UI Culture: en-US
[2025-09-20 12:01:49Z INFO HostContext] Well known directory 'Bin': 'C:\Users\MOHAMMED SAIFUDDIN\wisecow-assig\k8s\actions-runner\bin'
[2025-09-20 12:01:49Z INFO HostContext] Well known directory 'Root': 'C:\Users\MOHAMMED SAIFUDDIN\wisecow-assig\k8s\actions-runner'
[2025-09-20 12:01:49Z INFO Listener] Validating directory permissions for: 'C:\Users\MOHAMMED SAIFUDDIN\wisecow-assig\k8s\actions-runner'
[2025-09-20 12:01:49Z INFO CommandLineParser] Parse
[2025-09-20 12:01:49Z INFO CommandLineParser] Parsing 1 args
[2025-09-20 12:01:49Z INFO CommandLineParser] parsing argument
[2025-09-20 12:01:49Z INFO CommandLineParser] HasArgs: False
[2025-09-20 12:01:49Z INFO CommandLineParser] Adding Command: run
[2025-09-20 12:01:49Z INFO Listener] Arguments parsed
[2025-09-20 12:01:49Z INFO Runner] ExecuteCommand
[2025-09-20 12:01:49Z INFO ConfigurationStore] currentAssemblyLocation: C:\Users\MOHAMMED SAIFUDDIN\wisecow-assig\k8s\actions-runner\bin\Runner.Listener.dll
[2025-09-20 12:01:49Z INFO HostContext] Well known directory 'Bin': 'C:\Users\MOHAMMED SAIFUDDIN\wisecow-assig\k8s\actions-runner\bin'
[2025-09-20 12:01:49Z INFO ConfigurationStore] binPath: C:\Users\MOHAMMED SAIFUDDIN\wisecow-assig\k8s\actions-runner\bin
[2025-09-20 12:01:49Z INFO HostContext] Well known directory 'Bin': 'C:\Users\MOHAMMED SAIFUDDIN\wisecow-assig\k8s\actions-runner\bin'
[2025-09-20 12:01:49Z INFO HostContext] Well known directory 'Root': 'C:\Users\MOHAMMED SAIFUDDIN\wisecow-assig\k8s\actions-runner'
[2025-09-20 12:01:49Z INFO ConfigurationStore] RootFolder: C:\Users\MOHAMMED SAIFUDDIN\wisecow-assig\k8s\actions-runner
[2025-09-20 12:01:49Z INFO HostContext] Well known directory 'Bin': 'C:\Users\MOHAMMED SAIFUDDIN\wisecow-assig\k8s\actions-runner\bin'
[2025-09-20 12:01:49Z INFO HostContext] Well known directory 'Root': 'C:\Users\MOHAMMED SAIFUDDIN\wisecow-assig\k8s\actions-runner'
[2025-09-20 12:01:49Z INFO HostContext] Well known config file 'Runner': 'C:\Users\MOHAMMED SAIFUDDIN\wisecow-assig\k8s\actions-runner\.runner'
[2025-09-20 12:01:49Z INFO ConfigurationStore] ConfigFilePath: C:\Users\MOHAMMED SAIFUDDIN\wisecow-assig\k8s\actions-runner\.runner
[2025-09-20 12:01:49Z INFO HostContext] Well known directory 'Bin': 'C:\Users\MOHAMMED SAIFUDDIN\wisecow-assig\k8s\actions-runner\bin'
[2025-09-20 12:01:49Z INFO HostContext] Well known directory 'Root': 'C:\Users\MOHAMMED SAIFUDDIN\wisecow-assig\k8s\actions-runner'
[2025-09-20 12:01:49Z INFO HostContext] Well known config file 'MigratedRunner': 'C:\Users\MOHAMMED SAIFUDDIN\wisecow-assig\k8s\actions-runner\.runner_migrated'
[2025-09-20 12:01:49Z INFO ConfigurationStore] MigratedConfigFilePath: C:\Users\MOHAMMED SAIFUDDIN\wisecow-assig\k8s\actions-runner\.runner_migrated
[2025-09-20 12:01:49Z INFO HostContext] Well known directory 'Bin': 'C:\Users\MOHAMMED SAIFUDDIN\wisecow-assig\k8s\actions-runner\bin'
[2025-09-20 12:01:49Z INFO HostContext] Well known directory 'Root': 'C:\Users\MOHAMMED SAIFUDDIN\wisecow-assig\k8s\actions-runner'
[2025-09-20 12:01:49Z INFO HostContext] Well known config file 'Credentials': 'C:\Users\MOHAMMED SAIFUDDIN\wisecow-assig\k8s\actions-runner\.credentials'
[2025-09-20 12:01:49Z INFO ConfigurationStore] CredFilePath: C:\Users\MOHAMMED SAIFUDDIN\wisecow-assig\k8s\actions-runner\.credentials
[2025-09-20 12:01:49Z INFO HostContext] Well known directory 'Bin': 'C:\Users\MOHAMMED SAIFUDDIN\wisecow-assig\k8s\actions-runner\bin'
[2025-09-20 12:01:49Z INFO HostContext] Well known directory 'Root': 'C:\Users\MOHAMMED SAIFUDDIN\wisecow-assig\k8s\actions-runner'
[2025-09-20 12:01:49Z INFO HostContext] Well known config file 'MigratedCredentials': 'C:\Users\MOHAMMED SAIFUDDIN\wisecow-assig\k8s\actions-runner\.credentials_migrated'
[2025-09-20 12:01:49Z INFO ConfigurationStore] MigratedCredFilePath: C:\Users\MOHAMMED SAIFUDDIN\wisecow-assig\k8s\actions-runner\.credentials_migrated
[2025-09-20 12:01:49Z INFO HostContext] Well known directory 'Bin': 'C:\Users\MOHAMMED SAIFUDDIN\wisecow-assig\k8s\actions-runner\bin'
[2025-09-20 12:01:49Z INFO HostContext] Well known directory 'Root': 'C:\Users\MOHAMMED SAIFUDDIN\wisecow-assig\k8s\actions-runner'
[2025-09-20 12:01:49Z INFO HostContext] Well known config file 'Service': 'C:\Users\MOHAMMED SAIFUDDIN\wisecow-assig\k8s\actions-runner\.service'
[2025-09-20 12:01:49Z INFO ConfigurationStore] ServiceConfigFilePath: C:\Users\MOHAMMED SAIFUDDIN\wisecow-assig\k8s\actions-runner\.service
[2025-09-20 12:01:49Z INFO CommandSettings] Flag 'help': 'False'
[2025-09-20 12:01:49Z INFO CommandSettings] Flag 'version': 'False'
[2025-09-20 12:01:49Z INFO CommandSettings] Flag 'commit': 'False'
[2025-09-20 12:01:49Z INFO CommandSettings] Flag 'check': 'False'
[2025-09-20 12:01:49Z INFO CommandSettings] Command 'configure': 'False'
[2025-09-20 12:01:49Z INFO CommandSettings] Command 'remove': 'False'
[2025-09-20 12:01:49Z INFO CommandSettings] Command 'warmup': 'False'
[2025-09-20 12:01:49Z INFO ConfigurationManager] LoadSettings
[2025-09-20 12:01:49Z INFO ConfigurationStore] IsConfigured()
[2025-09-20 12:01:49Z INFO ConfigurationStore] IsConfigured: True
[2025-09-20 12:01:49Z INFO ConfigurationManager] Is configured: True
[2025-09-20 12:01:49Z INFO ConfigurationStore] Read setting file: 412 chars
[2025-09-20 12:01:49Z INFO ConfigurationManager] Settings Loaded
[2025-09-20 12:01:49Z INFO ConfigurationStore] IsServiceConfigured()
[2025-09-20 12:01:49Z INFO ConfigurationStore] IsServiceConfigured: False
[2025-09-20 12:01:49Z INFO CommandSettings] Command 'run': 'True'
[2025-09-20 12:01:49Z INFO ConfigurationStore] IsConfigured()
[2025-09-20 12:01:49Z INFO ConfigurationStore] IsConfigured: True
[2025-09-20 12:01:49Z INFO ConfigurationManager] Is configured: True
[2025-09-20 12:01:49Z INFO Runner] Could not parse the argument value '' for StartupType. Defaulting to Manual
[2025-09-20 12:01:49Z INFO Runner] Set runner startup type - Manual
[2025-09-20 12:01:49Z INFO CommandSettings] Flag 'once': 'False'
[2025-09-20 12:01:49Z INFO CommandSettings] Flag 'once': 'False'
[2025-09-20 12:01:49Z INFO Runner] RunAsync
[2025-09-20 12:01:49Z INFO ConfigurationManager] LoadMigratedSettings
[2025-09-20 12:01:49Z INFO ConfigurationStore] IsMigratedConfigured()
[2025-09-20 12:01:49Z INFO ConfigurationStore] IsMigratedConfigured: False
[2025-09-20 12:01:49Z INFO Runner] Failed to load migrated settings: No migrated configuration found.
[2025-09-20 12:01:49Z INFO Runner] Falling back to original .runner settings
[2025-09-20 12:01:49Z INFO Runner] Using BrokerMessageListener
[2025-09-20 12:01:49Z INFO BrokerMessageListener] Using provided settings
[2025-09-20 12:01:49Z INFO BrokerMessageListener] {
  "AgentId": 22,
  "AgentName": "LAPTOP-F6M01O0M",
  "PoolId": 1,
  "PoolName": "Default",
  "ServerUrl": "https://pipelinesghubeus14.actions.githubusercontent.com/cluBm5foYVqtEeJXFx7mEgfvT6ZgcB15NkBJC9bXdZea2Ov7KF/",
  "GitHubUrl": "https://github.com/mohammed-saifuddin/wisecow-assig",
  "WorkFolder": "_work",
  "UseV2Flow": true,
  "ServerUrlV2": "https://broker.actions.githubusercontent.com/"
}
[2025-09-20 12:01:49Z INFO BrokerMessageListener] Loading Credentials
[2025-09-20 12:01:49Z INFO ConfigurationStore] HasCredentials()
[2025-09-20 12:01:49Z INFO ConfigurationStore] stored True
[2025-09-20 12:01:49Z INFO CredentialManager] GetCredentialProvider
[2025-09-20 12:01:49Z INFO CredentialManager] Creating type OAuth
[2025-09-20 12:01:49Z INFO CredentialManager] Creating credential type: OAuth
[2025-09-20 12:01:49Z INFO HostContext] Well known directory 'Bin': 'C:\Users\MOHAMMED SAIFUDDIN\wisecow-assig\k8s\actions-runner\bin'
[2025-09-20 12:01:49Z INFO HostContext] Well known directory 'Root': 'C:\Users\MOHAMMED SAIFUDDIN\wisecow-assig\k8s\actions-runner'
[2025-09-20 12:01:49Z INFO HostContext] Well known config file 'RSACredentials': 'C:\Users\MOHAMMED SAIFUDDIN\wisecow-assig\k8s\actions-runner\.credentials_rsaparams'
[2025-09-20 12:01:49Z INFO RSAEncryptedFileKeyManager] Loading RSA key parameters from file C:\Users\MOHAMMED SAIFUDDIN\wisecow-assig\k8s\actions-runner\.credentials_rsaparams
[2025-09-20 12:01:49Z INFO BrokerMessageListener] Attempt to create session.
[2025-09-20 12:01:49Z INFO BrokerMessageListener] Connecting to the Broker Server...
[2025-09-20 12:01:49Z INFO ConfigurationStore] HasCredentials()
[2025-09-20 12:01:49Z INFO ConfigurationStore] stored True
[2025-09-20 12:01:49Z INFO CredentialManager] GetCredentialProvider
[2025-09-20 12:01:49Z INFO CredentialManager] Creating type OAuth
[2025-09-20 12:01:49Z INFO CredentialManager] Creating credential type: OAuth
[2025-09-20 12:01:49Z INFO RSAEncryptedFileKeyManager] Loading RSA key parameters from file C:\Users\MOHAMMED SAIFUDDIN\wisecow-assig\k8s\actions-runner\.credentials_rsaparams
[2025-09-20 12:01:49Z INFO BrokerMessageListener] VssConnection created
[2025-09-20 12:01:49Z INFO BrokerMessageListener] Connecting to the Runner server...
[2025-09-20 12:01:49Z INFO RunnerServer] EstablishVssConnection
[2025-09-20 12:01:49Z INFO RunnerServer] Establish connection with 100 seconds timeout.
[2025-09-20 12:01:49Z INFO GitHubActionsService] Starting operation Location.GetConnectionData
[2025-09-20 12:01:49Z INFO RunnerServer] EstablishVssConnection
[2025-09-20 12:01:49Z INFO RunnerServer] Establish connection with 60 seconds timeout.
[2025-09-20 12:01:49Z INFO GitHubActionsService] Starting operation Location.GetConnectionData
[2025-09-20 12:01:49Z INFO RunnerServer] EstablishVssConnection
[2025-09-20 12:01:49Z INFO RunnerServer] Establish connection with 60 seconds timeout.
[2025-09-20 12:01:49Z INFO GitHubActionsService] Starting operation Location.GetConnectionData
[2025-09-20 12:01:51Z INFO GitHubActionsService] Finished operation Location.GetConnectionData
[2025-09-20 12:01:51Z INFO GitHubActionsService] Finished operation Location.GetConnectionData
[2025-09-20 12:01:51Z INFO GitHubActionsService] Finished operation Location.GetConnectionData
[2025-09-20 12:01:51Z INFO BrokerMessageListener] VssConnection created
[2025-09-20 12:01:51Z INFO Terminal] WRITE LINE: 
[2025-09-20 12:01:51Z INFO Terminal] WRITE LINE: 
[2025-09-20 12:01:51Z INFO RSAEncryptedFileKeyManager] Loading RSA key parameters from file C:\Users\MOHAMMED SAIFUDDIN\wisecow-assig\k8s\actions-runner\.credentials_rsaparams
[2025-09-20 12:01:51Z INFO RSAEncryptedFileKeyManager] Loading RSA key parameters from file C:\Users\MOHAMMED SAIFUDDIN\wisecow-assig\k8s\actions-runner\.credentials_rsaparams
[2025-09-20 12:01:52Z INFO GitHubActionsService] AAD Correlation ID for this token request: Unknown
[2025-09-20 12:01:53Z INFO BrokerMessageListener] Session created.
[2025-09-20 12:01:53Z INFO Terminal] WRITE LINE: Current runner version: '2.328.0'
[2025-09-20 12:01:53Z INFO Terminal] WRITE LINE: 2025-09-20 12:01:53Z: Listening for Jobs
[2025-09-20 12:01:53Z INFO JobDispatcher] Set runner/worker IPC timeout to 30 seconds.
[2025-09-20 12:01:53Z INFO ConfigurationStore] HasCredentials()
[2025-09-20 12:01:53Z INFO ConfigurationStore] stored True
[2025-09-20 12:01:53Z INFO CredentialManager] GetCredentialProvider
[2025-09-20 12:01:53Z INFO CredentialManager] Creating type OAuth
[2025-09-20 12:01:53Z INFO CredentialManager] Creating credential type: OAuth
[2025-09-20 12:01:53Z INFO RSAEncryptedFileKeyManager] Loading RSA key parameters from file C:\Users\MOHAMMED SAIFUDDIN\wisecow-assig\k8s\actions-runner\.credentials_rsaparams
[2025-09-20 12:01:53Z INFO RSAEncryptedFileKeyManager] Loading RSA key parameters from file C:\Users\MOHAMMED SAIFUDDIN\wisecow-assig\k8s\actions-runner\.credentials_rsaparams
[2025-09-20 12:01:53Z INFO RSAEncryptedFileKeyManager] Loading RSA key parameters from file C:\Users\MOHAMMED SAIFUDDIN\wisecow-assig\k8s\actions-runner\.credentials_rsaparams
[2025-09-20 12:01:54Z INFO GitHubActionsService] AAD Correlation ID for this token request: Unknown
[2025-09-20 12:01:56Z INFO JobDispatcher] Job request 0 for plan ec4f104c-218f-4e2d-8d6b-3837a70f1332 job 68b8d328-8a33-50bf-b5c0-e9e5a145180b received.
[2025-09-20 12:01:56Z INFO JobDispatcher] Pull OrchestrationId ec4f104c-218f-4e2d-8d6b-3837a70f1332.build-and-deploy.__default from JWT claims
[2025-09-20 12:01:56Z INFO BrokerMessageListener] Received job status event. JobState: Busy
[2025-09-20 12:01:56Z INFO BrokerMessageListener] _getMessagesTokenSource is already disposed.
[2025-09-20 12:01:56Z INFO Terminal] WRITE LINE: 2025-09-20 12:01:56Z: Running job: build-and-deploy
[2025-09-20 12:01:56Z INFO JobDispatcher] Start renew job request 0 for job 68b8d328-8a33-50bf-b5c0-e9e5a145180b.
[2025-09-20 12:01:57Z INFO JobDispatcher] Successfully renew job 68b8d328-8a33-50bf-b5c0-e9e5a145180b, job is valid till 20-09-2025 12:11:57
[2025-09-20 12:01:57Z INFO HostContext] Well known directory 'Bin': 'C:\Users\MOHAMMED SAIFUDDIN\wisecow-assig\k8s\actions-runner\bin'
[2025-09-20 12:01:57Z INFO ProcessInvokerWrapper] Starting process:
[2025-09-20 12:01:57Z INFO ProcessInvokerWrapper]   File name: 'C:\Users\MOHAMMED SAIFUDDIN\wisecow-assig\k8s\actions-runner\bin\Runner.Worker.exe'
[2025-09-20 12:01:57Z INFO ProcessInvokerWrapper]   Arguments: 'spawnclient 2272 2284'
[2025-09-20 12:01:57Z INFO ProcessInvokerWrapper]   Working directory: 'C:\Users\MOHAMMED SAIFUDDIN\wisecow-assig\k8s\actions-runner\bin'
[2025-09-20 12:01:57Z INFO ProcessInvokerWrapper]   Require exit code zero: 'False'
[2025-09-20 12:01:57Z INFO ProcessInvokerWrapper]   Encoding web name:  ; code page: ''
[2025-09-20 12:01:57Z INFO ProcessInvokerWrapper]   Force kill process on cancellation: 'True'
[2025-09-20 12:01:57Z INFO ProcessInvokerWrapper]   Redirected STDIN: 'False'
[2025-09-20 12:01:57Z INFO ProcessInvokerWrapper]   Persist current code page: 'False'
[2025-09-20 12:01:57Z INFO ProcessInvokerWrapper]   Keep redirected STDIN open: 'False'
[2025-09-20 12:01:57Z INFO ProcessInvokerWrapper]   High priority process: 'True'
[2025-09-20 12:01:57Z INFO ProcessInvokerWrapper] Process started with process id 6760, waiting for process exit.
[2025-09-20 12:01:57Z INFO JobDispatcher] Send job request message to worker for job 68b8d328-8a33-50bf-b5c0-e9e5a145180b.
[2025-09-20 12:01:57Z INFO ProcessChannel] Sending message of length 22566, with hash '1857d7153d64feb906f8661f995cd26cfe0fd0678e7042ddf23ff179fb173099'
[2025-09-20 12:01:57Z INFO JobNotification] Entering JobStarted Notification
[2025-09-20 12:01:57Z INFO JobNotification] Entering StartMonitor
[2025-09-20 12:02:27Z INFO ProcessInvokerWrapper] STDOUT/STDERR stream read finished.
[2025-09-20 12:02:27Z INFO ProcessInvokerWrapper] STDOUT/STDERR stream read finished.
[2025-09-20 12:02:27Z INFO ProcessInvokerWrapper] Finished process 6760 with exit code 102, and elapsed time 00:00:29.7694422.
[2025-09-20 12:02:27Z INFO JobDispatcher] Worker finished for job 68b8d328-8a33-50bf-b5c0-e9e5a145180b. Code: 102
[2025-09-20 12:02:27Z INFO JobDispatcher] finish job request for job 68b8d328-8a33-50bf-b5c0-e9e5a145180b with result: Failed
[2025-09-20 12:02:27Z INFO Terminal] WRITE LINE: 2025-09-20 12:02:27Z: Job build-and-deploy completed with result: Failed
[2025-09-20 12:02:27Z INFO JobDispatcher] Stop renew job request for job 68b8d328-8a33-50bf-b5c0-e9e5a145180b.
[2025-09-20 12:02:27Z INFO JobDispatcher] job renew has been cancelled, stop renew job 68b8d328-8a33-50bf-b5c0-e9e5a145180b.
[2025-09-20 12:02:27Z INFO JobNotification] Entering JobCompleted Notification
[2025-09-20 12:02:27Z INFO JobNotification] Entering EndMonitor
[2025-09-20 12:02:27Z INFO BrokerMessageListener] Received job status event. JobState: Online
[2025-09-20 12:02:27Z WARN GitHubActionsService] GET request to https://broker.actions.githubusercontent.com/message?sessionId=6d6912fd-5436-4280-808d-827b1d129522&status=Busy&runnerVersion=2.328.0&os=Windows&architecture=X64&disableUpdate=false has been cancelled.
[2025-09-20 12:02:27Z ERR  BrokerServer] Catch exception during request
[2025-09-20 12:02:27Z ERR  BrokerServer] System.Threading.Tasks.TaskCanceledException: The operation was canceled.
 ---> System.Threading.Tasks.TaskCanceledException: The operation was canceled.
 ---> System.IO.IOException: Unable to read data from the transport connection: The I/O operation has been aborted because of either a thread exit or an application request..
 ---> System.Net.Sockets.SocketException (995): The I/O operation has been aborted because of either a thread exit or an application request.
   --- End of inner exception stack trace ---
   at System.Net.Sockets.Socket.AwaitableSocketAsyncEventArgs.ThrowException(SocketError error, CancellationToken cancellationToken)
   at System.Net.Sockets.Socket.AwaitableSocketAsyncEventArgs.System.Threading.Tasks.Sources.IValueTaskSource<System.Int32>.GetResult(Int16 token)
   at System.Net.Security.SslStream.EnsureFullTlsFrameAsync[TIOAdapter](CancellationToken cancellationToken, Int32 estimatedSize)
   at System.Runtime.CompilerServices.PoolingAsyncValueTaskMethodBuilder`1.StateMachineBox`1.System.Threading.Tasks.Sources.IValueTaskSource<TResult>.GetResult(Int16 token)
   at System.Net.Security.SslStream.ReadAsyncInternal[TIOAdapter](Memory`1 buffer, CancellationToken cancellationToken)
   at System.Runtime.CompilerServices.PoolingAsyncValueTaskMethodBuilder`1.StateMachineBox`1.System.Threading.Tasks.Sources.IValueTaskSource<TResult>.GetResult(Int16 token)
   at System.Net.Http.HttpConnection.SendAsync(HttpRequestMessage request, Boolean async, CancellationToken cancellationToken)
   --- End of inner exception stack trace ---
   at System.Net.Http.HttpConnection.SendAsync(HttpRequestMessage request, Boolean async, CancellationToken cancellationToken)
   at System.Net.Http.AuthenticationHelper.SendWithNtAuthAsync(HttpRequestMessage request, Uri authUri, Boolean async, ICredentials credentials, Boolean isProxyAuth, HttpConnection connection, HttpConnectionPool connectionPool, CancellationToken cancellationToken)
   at System.Net.Http.HttpConnectionPool.SendWithVersionDetectionAndRetryAsync(HttpRequestMessage request, Boolean async, Boolean doRequestAuth, CancellationToken cancellationToken)
   at System.Net.Http.AuthenticationHelper.SendWithAuthAsync(HttpRequestMessage request, Uri authUri, Boolean async, ICredentials credentials, Boolean preAuthenticate, Boolean isProxyAuth, Boolean doRequestAuth, HttpConnectionPool pool, CancellationToken cancellationToken)
   at System.Net.Http.RedirectHandler.SendAsync(HttpRequestMessage request, Boolean async, CancellationToken cancellationToken)
   at GitHub.Services.Common.RawHttpMessageHandler.SendAsync(HttpRequestMessage request, CancellationToken cancellationToken)
   at GitHub.Services.Common.VssHttpRetryMessageHandler.SendAsync(HttpRequestMessage request, CancellationToken cancellationToken)
   at System.Net.Http.HttpClient.<SendAsync>g__Core|83_0(HttpRequestMessage request, HttpCompletionOption completionOption, CancellationTokenSource cts, Boolean disposeCts, CancellationTokenSource pendingRequestsCts, CancellationToken originalCancellationToken)
   --- End of inner exception stack trace ---
   at System.Net.Http.HttpClient.HandleFailure(Exception e, Boolean telemetryStarted, HttpResponseMessage response, CancellationTokenSource cts, CancellationToken cancellationToken, CancellationTokenSource pendingRequestsCts)
   at System.Net.Http.HttpClient.<SendAsync>g__Core|83_0(HttpRequestMessage request, HttpCompletionOption completionOption, CancellationTokenSource cts, Boolean disposeCts, CancellationTokenSource pendingRequestsCts, CancellationToken originalCancellationToken)
   at Sdk.WebApi.WebApi.RawHttpClientBase.SendAsync(HttpRequestMessage message, HttpCompletionOption completionOption, Object userState, CancellationToken cancellationToken)
   at Sdk.WebApi.WebApi.RawHttpClientBase.SendAsync[T](HttpRequestMessage message, Boolean readErrorBody, Object userState, CancellationToken cancellationToken)
   at Sdk.WebApi.WebApi.RawHttpClientBase.SendAsync[T](HttpMethod method, IEnumerable`1 additionalHeaders, Uri requestUri, HttpContent content, IEnumerable`1 queryParameters, Boolean readErrorBody, Object userState, CancellationToken cancellationToken)
   at GitHub.Actions.RunService.WebApi.BrokerHttpClient.GetRunnerMessageAsync(Nullable`1 sessionId, String runnerVersion, Nullable`1 status, String os, String architecture, Nullable`1 disableUpdate, CancellationToken cancellationToken)
   at GitHub.Runner.Common.BrokerServer.<>c__DisplayClass7_0.<<GetRunnerMessageAsync>b__0>d.MoveNext()
--- End of stack trace from previous location ---
   at GitHub.Runner.Common.RunnerService.RetryRequest[T](Func`1 func, CancellationToken cancellationToken, Int32 maxRetryAttemptsCount, Func`2 shouldRetry)
[2025-09-20 12:02:27Z ERR  BrokerServer] #####################################################
[2025-09-20 12:02:27Z ERR  BrokerServer] System.Threading.Tasks.TaskCanceledException: The operation was canceled.
 ---> System.IO.IOException: Unable to read data from the transport connection: The I/O operation has been aborted because of either a thread exit or an application request..
 ---> System.Net.Sockets.SocketException (995): The I/O operation has been aborted because of either a thread exit or an application request.
   --- End of inner exception stack trace ---
   at System.Net.Sockets.Socket.AwaitableSocketAsyncEventArgs.ThrowException(SocketError error, CancellationToken cancellationToken)
   at System.Net.Sockets.Socket.AwaitableSocketAsyncEventArgs.System.Threading.Tasks.Sources.IValueTaskSource<System.Int32>.GetResult(Int16 token)
   at System.Net.Security.SslStream.EnsureFullTlsFrameAsync[TIOAdapter](CancellationToken cancellationToken, Int32 estimatedSize)
   at System.Runtime.CompilerServices.PoolingAsyncValueTaskMethodBuilder`1.StateMachineBox`1.System.Threading.Tasks.Sources.IValueTaskSource<TResult>.GetResult(Int16 token)
   at System.Net.Security.SslStream.ReadAsyncInternal[TIOAdapter](Memory`1 buffer, CancellationToken cancellationToken)
   at System.Runtime.CompilerServices.PoolingAsyncValueTaskMethodBuilder`1.StateMachineBox`1.System.Threading.Tasks.Sources.IValueTaskSource<TResult>.GetResult(Int16 token)
   at System.Net.Http.HttpConnection.SendAsync(HttpRequestMessage request, Boolean async, CancellationToken cancellationToken)
   --- End of inner exception stack trace ---
   at System.Net.Http.HttpConnection.SendAsync(HttpRequestMessage request, Boolean async, CancellationToken cancellationToken)
   at System.Net.Http.AuthenticationHelper.SendWithNtAuthAsync(HttpRequestMessage request, Uri authUri, Boolean async, ICredentials credentials, Boolean isProxyAuth, HttpConnection connection, HttpConnectionPool connectionPool, CancellationToken cancellationToken)
   at System.Net.Http.HttpConnectionPool.SendWithVersionDetectionAndRetryAsync(HttpRequestMessage request, Boolean async, Boolean doRequestAuth, CancellationToken cancellationToken)
   at System.Net.Http.AuthenticationHelper.SendWithAuthAsync(HttpRequestMessage request, Uri authUri, Boolean async, ICredentials credentials, Boolean preAuthenticate, Boolean isProxyAuth, Boolean doRequestAuth, HttpConnectionPool pool, CancellationToken cancellationToken)
   at System.Net.Http.RedirectHandler.SendAsync(HttpRequestMessage request, Boolean async, CancellationToken cancellationToken)
   at GitHub.Services.Common.RawHttpMessageHandler.SendAsync(HttpRequestMessage request, CancellationToken cancellationToken)
   at GitHub.Services.Common.VssHttpRetryMessageHandler.SendAsync(HttpRequestMessage request, CancellationToken cancellationToken)
   at System.Net.Http.HttpClient.<SendAsync>g__Core|83_0(HttpRequestMessage request, HttpCompletionOption completionOption, CancellationTokenSource cts, Boolean disposeCts, CancellationTokenSource pendingRequestsCts, CancellationToken originalCancellationToken)
[2025-09-20 12:02:27Z ERR  BrokerServer] #####################################################
[2025-09-20 12:02:27Z ERR  BrokerServer] System.IO.IOException: Unable to read data from the transport connection: The I/O operation has been aborted because of either a thread exit or an application request..
 ---> System.Net.Sockets.SocketException (995): The I/O operation has been aborted because of either a thread exit or an application request.
   --- End of inner exception stack trace ---
   at System.Net.Sockets.Socket.AwaitableSocketAsyncEventArgs.ThrowException(SocketError error, CancellationToken cancellationToken)
   at System.Net.Sockets.Socket.AwaitableSocketAsyncEventArgs.System.Threading.Tasks.Sources.IValueTaskSource<System.Int32>.GetResult(Int16 token)
   at System.Net.Security.SslStream.EnsureFullTlsFrameAsync[TIOAdapter](CancellationToken cancellationToken, Int32 estimatedSize)
   at System.Runtime.CompilerServices.PoolingAsyncValueTaskMethodBuilder`1.StateMachineBox`1.System.Threading.Tasks.Sources.IValueTaskSource<TResult>.GetResult(Int16 token)
   at System.Net.Security.SslStream.ReadAsyncInternal[TIOAdapter](Memory`1 buffer, CancellationToken cancellationToken)
   at System.Runtime.CompilerServices.PoolingAsyncValueTaskMethodBuilder`1.StateMachineBox`1.System.Threading.Tasks.Sources.IValueTaskSource<TResult>.GetResult(Int16 token)
   at System.Net.Http.HttpConnection.SendAsync(HttpRequestMessage request, Boolean async, CancellationToken cancellationToken)
[2025-09-20 12:02:27Z ERR  BrokerServer] #####################################################
[2025-09-20 12:02:27Z ERR  BrokerServer] System.Net.Sockets.SocketException (995): The I/O operation has been aborted because of either a thread exit or an application request.
[2025-09-20 12:02:27Z WARN BrokerServer] Back off 6.267 seconds before next retry. 4 attempt left.
[2025-09-20 12:02:27Z INFO BrokerMessageListener] Get messages has been cancelled using local token source. Continue to get messages with new status.
[2025-09-20 12:04:57Z INFO ConfigurationStore] HasCredentials()
[2025-09-20 12:04:57Z INFO ConfigurationStore] stored True
[2025-09-20 12:04:57Z INFO CredentialManager] GetCredentialProvider
[2025-09-20 12:04:57Z INFO CredentialManager] Creating type OAuth
[2025-09-20 12:04:57Z INFO CredentialManager] Creating credential type: OAuth
[2025-09-20 12:04:57Z INFO RSAEncryptedFileKeyManager] Loading RSA key parameters from file C:\Users\MOHAMMED SAIFUDDIN\wisecow-assig\k8s\actions-runner\.credentials_rsaparams
[2025-09-20 12:04:57Z INFO RSAEncryptedFileKeyManager] Loading RSA key parameters from file C:\Users\MOHAMMED SAIFUDDIN\wisecow-assig\k8s\actions-runner\.credentials_rsaparams
[2025-09-20 12:04:57Z INFO RSAEncryptedFileKeyManager] Loading RSA key parameters from file C:\Users\MOHAMMED SAIFUDDIN\wisecow-assig\k8s\actions-runner\.credentials_rsaparams
[2025-09-20 12:04:58Z INFO GitHubActionsService] AAD Correlation ID for this token request: Unknown
[2025-09-20 12:05:00Z INFO JobDispatcher] Job request 0 for plan 0fca7d03-3bb0-4323-a06e-a40508df80a7 job b6462d1d-b23d-5f44-bee7-9633d02caea4 received.
[2025-09-20 12:05:00Z INFO JobDispatcher] Pull OrchestrationId 0fca7d03-3bb0-4323-a06e-a40508df80a7.build-and-deploy.__default from JWT claims
[2025-09-20 12:05:00Z INFO BrokerMessageListener] Received job status event. JobState: Busy
[2025-09-20 12:05:00Z INFO BrokerMessageListener] _getMessagesTokenSource is already disposed.
[2025-09-20 12:05:00Z INFO JobDispatcher] Job request 68b8d328-8a33-50bf-b5c0-e9e5a145180b processed succeed.
[2025-09-20 12:05:00Z INFO Terminal] WRITE LINE: 2025-09-20 12:05:00Z: Running job: build-and-deploy
[2025-09-20 12:05:00Z INFO JobDispatcher] Start renew job request 0 for job b6462d1d-b23d-5f44-bee7-9633d02caea4.
[2025-09-20 12:05:00Z INFO JobDispatcher] Successfully renew job b6462d1d-b23d-5f44-bee7-9633d02caea4, job is valid till 20-09-2025 12:15:00
[2025-09-20 12:05:00Z INFO HostContext] Well known directory 'Bin': 'C:\Users\MOHAMMED SAIFUDDIN\wisecow-assig\k8s\actions-runner\bin'
[2025-09-20 12:05:00Z INFO ProcessInvokerWrapper] Starting process:
[2025-09-20 12:05:00Z INFO ProcessInvokerWrapper]   File name: 'C:\Users\MOHAMMED SAIFUDDIN\wisecow-assig\k8s\actions-runner\bin\Runner.Worker.exe'
[2025-09-20 12:05:00Z INFO ProcessInvokerWrapper]   Arguments: 'spawnclient 2292 2176'
[2025-09-20 12:05:00Z INFO ProcessInvokerWrapper]   Working directory: 'C:\Users\MOHAMMED SAIFUDDIN\wisecow-assig\k8s\actions-runner\bin'
[2025-09-20 12:05:00Z INFO ProcessInvokerWrapper]   Require exit code zero: 'False'
[2025-09-20 12:05:00Z INFO ProcessInvokerWrapper]   Encoding web name:  ; code page: ''
[2025-09-20 12:05:00Z INFO ProcessInvokerWrapper]   Force kill process on cancellation: 'True'
[2025-09-20 12:05:00Z INFO ProcessInvokerWrapper]   Redirected STDIN: 'False'
[2025-09-20 12:05:00Z INFO ProcessInvokerWrapper]   Persist current code page: 'False'
[2025-09-20 12:05:00Z INFO ProcessInvokerWrapper]   Keep redirected STDIN open: 'False'
[2025-09-20 12:05:00Z INFO ProcessInvokerWrapper]   High priority process: 'True'
[2025-09-20 12:05:00Z INFO ProcessInvokerWrapper] Process started with process id 14604, waiting for process exit.
[2025-09-20 12:05:00Z INFO JobDispatcher] Send job request message to worker for job b6462d1d-b23d-5f44-bee7-9633d02caea4.
[2025-09-20 12:05:00Z INFO ProcessChannel] Sending message of length 21576, with hash '0c0cd1777f83383ec90848f6e4b010b30c08f5674cf0866e245b1fe4e62f4759'
[2025-09-20 12:05:01Z INFO JobNotification] Entering JobStarted Notification
[2025-09-20 12:05:01Z INFO JobNotification] Entering StartMonitor
[2025-09-20 12:05:30Z INFO ProcessInvokerWrapper] STDOUT/STDERR stream read finished.
[2025-09-20 12:05:30Z INFO ProcessInvokerWrapper] STDOUT/STDERR stream read finished.
[2025-09-20 12:05:30Z INFO ProcessInvokerWrapper] Finished process 14604 with exit code 102, and elapsed time 00:00:29.5074736.
[2025-09-20 12:05:30Z INFO JobDispatcher] Worker finished for job b6462d1d-b23d-5f44-bee7-9633d02caea4. Code: 102
[2025-09-20 12:05:30Z INFO JobDispatcher] finish job request for job b6462d1d-b23d-5f44-bee7-9633d02caea4 with result: Failed
[2025-09-20 12:05:30Z INFO Terminal] WRITE LINE: 2025-09-20 12:05:30Z: Job build-and-deploy completed with result: Failed
[2025-09-20 12:05:30Z INFO JobDispatcher] Stop renew job request for job b6462d1d-b23d-5f44-bee7-9633d02caea4.
[2025-09-20 12:05:30Z INFO JobDispatcher] job renew has been cancelled, stop renew job b6462d1d-b23d-5f44-bee7-9633d02caea4.
[2025-09-20 12:05:30Z INFO JobNotification] Entering JobCompleted Notification
[2025-09-20 12:05:30Z INFO JobNotification] Entering EndMonitor
[2025-09-20 12:05:30Z INFO BrokerMessageListener] Received job status event. JobState: Online
[2025-09-20 12:05:30Z WARN GitHubActionsService] GET request to https://broker.actions.githubusercontent.com/message?sessionId=6d6912fd-5436-4280-808d-827b1d129522&status=Busy&runnerVersion=2.328.0&os=Windows&architecture=X64&disableUpdate=false has been cancelled.
[2025-09-20 12:05:30Z ERR  BrokerServer] Catch exception during request
[2025-09-20 12:05:30Z ERR  BrokerServer] System.Threading.Tasks.TaskCanceledException: The operation was canceled.
 ---> System.Threading.Tasks.TaskCanceledException: The operation was canceled.
 ---> System.IO.IOException: Unable to read data from the transport connection: The I/O operation has been aborted because of either a thread exit or an application request..
 ---> System.Net.Sockets.SocketException (995): The I/O operation has been aborted because of either a thread exit or an application request.
   --- End of inner exception stack trace ---
   at System.Net.Sockets.Socket.AwaitableSocketAsyncEventArgs.ThrowException(SocketError error, CancellationToken cancellationToken)
   at System.Net.Sockets.Socket.AwaitableSocketAsyncEventArgs.System.Threading.Tasks.Sources.IValueTaskSource<System.Int32>.GetResult(Int16 token)
   at System.Net.Security.SslStream.EnsureFullTlsFrameAsync[TIOAdapter](CancellationToken cancellationToken, Int32 estimatedSize)
   at System.Runtime.CompilerServices.PoolingAsyncValueTaskMethodBuilder`1.StateMachineBox`1.System.Threading.Tasks.Sources.IValueTaskSource<TResult>.GetResult(Int16 token)
   at System.Net.Security.SslStream.ReadAsyncInternal[TIOAdapter](Memory`1 buffer, CancellationToken cancellationToken)
   at System.Runtime.CompilerServices.PoolingAsyncValueTaskMethodBuilder`1.StateMachineBox`1.System.Threading.Tasks.Sources.IValueTaskSource<TResult>.GetResult(Int16 token)
   at System.Net.Http.HttpConnection.SendAsync(HttpRequestMessage request, Boolean async, CancellationToken cancellationToken)
   --- End of inner exception stack trace ---
   at System.Net.Http.HttpConnection.SendAsync(HttpRequestMessage request, Boolean async, CancellationToken cancellationToken)
   at System.Net.Http.AuthenticationHelper.SendWithNtAuthAsync(HttpRequestMessage request, Uri authUri, Boolean async, ICredentials credentials, Boolean isProxyAuth, HttpConnection connection, HttpConnectionPool connectionPool, CancellationToken cancellationToken)
   at System.Net.Http.HttpConnectionPool.SendWithVersionDetectionAndRetryAsync(HttpRequestMessage request, Boolean async, Boolean doRequestAuth, CancellationToken cancellationToken)
   at System.Net.Http.AuthenticationHelper.SendWithAuthAsync(HttpRequestMessage request, Uri authUri, Boolean async, ICredentials credentials, Boolean preAuthenticate, Boolean isProxyAuth, Boolean doRequestAuth, HttpConnectionPool pool, CancellationToken cancellationToken)
   at System.Net.Http.RedirectHandler.SendAsync(HttpRequestMessage request, Boolean async, CancellationToken cancellationToken)
   at GitHub.Services.Common.RawHttpMessageHandler.SendAsync(HttpRequestMessage request, CancellationToken cancellationToken)
   at GitHub.Services.Common.VssHttpRetryMessageHandler.SendAsync(HttpRequestMessage request, CancellationToken cancellationToken)
   at System.Net.Http.HttpClient.<SendAsync>g__Core|83_0(HttpRequestMessage request, HttpCompletionOption completionOption, CancellationTokenSource cts, Boolean disposeCts, CancellationTokenSource pendingRequestsCts, CancellationToken originalCancellationToken)
   --- End of inner exception stack trace ---
   at System.Net.Http.HttpClient.HandleFailure(Exception e, Boolean telemetryStarted, HttpResponseMessage response, CancellationTokenSource cts, CancellationToken cancellationToken, CancellationTokenSource pendingRequestsCts)
   at System.Net.Http.HttpClient.<SendAsync>g__Core|83_0(HttpRequestMessage request, HttpCompletionOption completionOption, CancellationTokenSource cts, Boolean disposeCts, CancellationTokenSource pendingRequestsCts, CancellationToken originalCancellationToken)
   at Sdk.WebApi.WebApi.RawHttpClientBase.SendAsync(HttpRequestMessage message, HttpCompletionOption completionOption, Object userState, CancellationToken cancellationToken)
   at Sdk.WebApi.WebApi.RawHttpClientBase.SendAsync[T](HttpRequestMessage message, Boolean readErrorBody, Object userState, CancellationToken cancellationToken)
   at Sdk.WebApi.WebApi.RawHttpClientBase.SendAsync[T](HttpMethod method, IEnumerable`1 additionalHeaders, Uri requestUri, HttpContent content, IEnumerable`1 queryParameters, Boolean readErrorBody, Object userState, CancellationToken cancellationToken)
   at GitHub.Actions.RunService.WebApi.BrokerHttpClient.GetRunnerMessageAsync(Nullable`1 sessionId, String runnerVersion, Nullable`1 status, String os, String architecture, Nullable`1 disableUpdate, CancellationToken cancellationToken)
   at GitHub.Runner.Common.BrokerServer.<>c__DisplayClass7_0.<<GetRunnerMessageAsync>b__0>d.MoveNext()
--- End of stack trace from previous location ---
   at GitHub.Runner.Common.RunnerService.RetryRequest[T](Func`1 func, CancellationToken cancellationToken, Int32 maxRetryAttemptsCount, Func`2 shouldRetry)
[2025-09-20 12:05:30Z ERR  BrokerServer] #####################################################
[2025-09-20 12:05:30Z ERR  BrokerServer] System.Threading.Tasks.TaskCanceledException: The operation was canceled.
 ---> System.IO.IOException: Unable to read data from the transport connection: The I/O operation has been aborted because of either a thread exit or an application request..
 ---> System.Net.Sockets.SocketException (995): The I/O operation has been aborted because of either a thread exit or an application request.
   --- End of inner exception stack trace ---
   at System.Net.Sockets.Socket.AwaitableSocketAsyncEventArgs.ThrowException(SocketError error, CancellationToken cancellationToken)
   at System.Net.Sockets.Socket.AwaitableSocketAsyncEventArgs.System.Threading.Tasks.Sources.IValueTaskSource<System.Int32>.GetResult(Int16 token)
   at System.Net.Security.SslStream.EnsureFullTlsFrameAsync[TIOAdapter](CancellationToken cancellationToken, Int32 estimatedSize)
   at System.Runtime.CompilerServices.PoolingAsyncValueTaskMethodBuilder`1.StateMachineBox`1.System.Threading.Tasks.Sources.IValueTaskSource<TResult>.GetResult(Int16 token)
   at System.Net.Security.SslStream.ReadAsyncInternal[TIOAdapter](Memory`1 buffer, CancellationToken cancellationToken)
   at System.Runtime.CompilerServices.PoolingAsyncValueTaskMethodBuilder`1.StateMachineBox`1.System.Threading.Tasks.Sources.IValueTaskSource<TResult>.GetResult(Int16 token)
   at System.Net.Http.HttpConnection.SendAsync(HttpRequestMessage request, Boolean async, CancellationToken cancellationToken)
   --- End of inner exception stack trace ---
   at System.Net.Http.HttpConnection.SendAsync(HttpRequestMessage request, Boolean async, CancellationToken cancellationToken)
   at System.Net.Http.AuthenticationHelper.SendWithNtAuthAsync(HttpRequestMessage request, Uri authUri, Boolean async, ICredentials credentials, Boolean isProxyAuth, HttpConnection connection, HttpConnectionPool connectionPool, CancellationToken cancellationToken)
   at System.Net.Http.HttpConnectionPool.SendWithVersionDetectionAndRetryAsync(HttpRequestMessage request, Boolean async, Boolean doRequestAuth, CancellationToken cancellationToken)
   at System.Net.Http.AuthenticationHelper.SendWithAuthAsync(HttpRequestMessage request, Uri authUri, Boolean async, ICredentials credentials, Boolean preAuthenticate, Boolean isProxyAuth, Boolean doRequestAuth, HttpConnectionPool pool, CancellationToken cancellationToken)
   at System.Net.Http.RedirectHandler.SendAsync(HttpRequestMessage request, Boolean async, CancellationToken cancellationToken)
   at GitHub.Services.Common.RawHttpMessageHandler.SendAsync(HttpRequestMessage request, CancellationToken cancellationToken)
   at GitHub.Services.Common.VssHttpRetryMessageHandler.SendAsync(HttpRequestMessage request, CancellationToken cancellationToken)
   at System.Net.Http.HttpClient.<SendAsync>g__Core|83_0(HttpRequestMessage request, HttpCompletionOption completionOption, CancellationTokenSource cts, Boolean disposeCts, CancellationTokenSource pendingRequestsCts, CancellationToken originalCancellationToken)
[2025-09-20 12:05:30Z ERR  BrokerServer] #####################################################
[2025-09-20 12:05:30Z ERR  BrokerServer] System.IO.IOException: Unable to read data from the transport connection: The I/O operation has been aborted because of either a thread exit or an application request..
 ---> System.Net.Sockets.SocketException (995): The I/O operation has been aborted because of either a thread exit or an application request.
   --- End of inner exception stack trace ---
   at System.Net.Sockets.Socket.AwaitableSocketAsyncEventArgs.ThrowException(SocketError error, CancellationToken cancellationToken)
   at System.Net.Sockets.Socket.AwaitableSocketAsyncEventArgs.System.Threading.Tasks.Sources.IValueTaskSource<System.Int32>.GetResult(Int16 token)
   at System.Net.Security.SslStream.EnsureFullTlsFrameAsync[TIOAdapter](CancellationToken cancellationToken, Int32 estimatedSize)
   at System.Runtime.CompilerServices.PoolingAsyncValueTaskMethodBuilder`1.StateMachineBox`1.System.Threading.Tasks.Sources.IValueTaskSource<TResult>.GetResult(Int16 token)
   at System.Net.Security.SslStream.ReadAsyncInternal[TIOAdapter](Memory`1 buffer, CancellationToken cancellationToken)
   at System.Runtime.CompilerServices.PoolingAsyncValueTaskMethodBuilder`1.StateMachineBox`1.System.Threading.Tasks.Sources.IValueTaskSource<TResult>.GetResult(Int16 token)
   at System.Net.Http.HttpConnection.SendAsync(HttpRequestMessage request, Boolean async, CancellationToken cancellationToken)
[2025-09-20 12:05:30Z ERR  BrokerServer] #####################################################
[2025-09-20 12:05:30Z ERR  BrokerServer] System.Net.Sockets.SocketException (995): The I/O operation has been aborted because of either a thread exit or an application request.
[2025-09-20 12:05:30Z WARN BrokerServer] Back off 9.867 seconds before next retry. 4 attempt left.
[2025-09-20 12:05:30Z INFO BrokerMessageListener] Get messages has been cancelled using local token source. Continue to get messages with new status.
[2025-09-20 12:16:06Z INFO ConfigurationStore] HasCredentials()
[2025-09-20 12:16:06Z INFO ConfigurationStore] stored True
[2025-09-20 12:16:06Z INFO CredentialManager] GetCredentialProvider
[2025-09-20 12:16:06Z INFO CredentialManager] Creating type OAuth
[2025-09-20 12:16:06Z INFO CredentialManager] Creating credential type: OAuth
[2025-09-20 12:16:06Z INFO RSAEncryptedFileKeyManager] Loading RSA key parameters from file C:\Users\MOHAMMED SAIFUDDIN\wisecow-assig\k8s\actions-runner\.credentials_rsaparams
[2025-09-20 12:16:06Z INFO RSAEncryptedFileKeyManager] Loading RSA key parameters from file C:\Users\MOHAMMED SAIFUDDIN\wisecow-assig\k8s\actions-runner\.credentials_rsaparams
[2025-09-20 12:16:06Z INFO RSAEncryptedFileKeyManager] Loading RSA key parameters from file C:\Users\MOHAMMED SAIFUDDIN\wisecow-assig\k8s\actions-runner\.credentials_rsaparams
[2025-09-20 12:16:08Z INFO GitHubActionsService] AAD Correlation ID for this token request: Unknown
[2025-09-20 12:16:09Z INFO JobDispatcher] Job request 0 for plan 026a932d-8729-42ec-b13f-aea1544f8c68 job 8b4c5bfb-73e0-57b8-8179-ab487e49e729 received.
[2025-09-20 12:16:09Z INFO JobDispatcher] Pull OrchestrationId 026a932d-8729-42ec-b13f-aea1544f8c68.build-and-deploy.__default from JWT claims
[2025-09-20 12:16:09Z INFO BrokerMessageListener] Received job status event. JobState: Busy
[2025-09-20 12:16:09Z INFO BrokerMessageListener] _getMessagesTokenSource is already disposed.
[2025-09-20 12:16:09Z INFO JobDispatcher] Job request b6462d1d-b23d-5f44-bee7-9633d02caea4 processed succeed.
[2025-09-20 12:16:09Z INFO Terminal] WRITE LINE: 2025-09-20 12:16:09Z: Running job: build-and-deploy
[2025-09-20 12:16:09Z INFO JobDispatcher] Start renew job request 0 for job 8b4c5bfb-73e0-57b8-8179-ab487e49e729.
[2025-09-20 12:16:11Z INFO JobDispatcher] Successfully renew job 8b4c5bfb-73e0-57b8-8179-ab487e49e729, job is valid till 20-09-2025 12:26:10
[2025-09-20 12:16:11Z INFO HostContext] Well known directory 'Bin': 'C:\Users\MOHAMMED SAIFUDDIN\wisecow-assig\k8s\actions-runner\bin'
[2025-09-20 12:16:11Z INFO ProcessInvokerWrapper] Starting process:
[2025-09-20 12:16:11Z INFO ProcessInvokerWrapper]   File name: 'C:\Users\MOHAMMED SAIFUDDIN\wisecow-assig\k8s\actions-runner\bin\Runner.Worker.exe'
[2025-09-20 12:16:11Z INFO ProcessInvokerWrapper]   Arguments: 'spawnclient 1420 2088'
[2025-09-20 12:16:11Z INFO ProcessInvokerWrapper]   Working directory: 'C:\Users\MOHAMMED SAIFUDDIN\wisecow-assig\k8s\actions-runner\bin'
[2025-09-20 12:16:11Z INFO ProcessInvokerWrapper]   Require exit code zero: 'False'
[2025-09-20 12:16:11Z INFO ProcessInvokerWrapper]   Encoding web name:  ; code page: ''
[2025-09-20 12:16:11Z INFO ProcessInvokerWrapper]   Force kill process on cancellation: 'True'
[2025-09-20 12:16:11Z INFO ProcessInvokerWrapper]   Redirected STDIN: 'False'
[2025-09-20 12:16:11Z INFO ProcessInvokerWrapper]   Persist current code page: 'False'
[2025-09-20 12:16:11Z INFO ProcessInvokerWrapper]   Keep redirected STDIN open: 'False'
[2025-09-20 12:16:11Z INFO ProcessInvokerWrapper]   High priority process: 'True'
[2025-09-20 12:16:11Z INFO ProcessInvokerWrapper] Process started with process id 25312, waiting for process exit.
[2025-09-20 12:16:12Z INFO JobDispatcher] Send job request message to worker for job 8b4c5bfb-73e0-57b8-8179-ab487e49e729.
[2025-09-20 12:16:12Z INFO ProcessChannel] Sending message of length 21576, with hash '433165371c309775be41ce5969a2bad9826fa348769cd17d851f1335a3a0f436'
[2025-09-20 12:16:14Z INFO JobNotification] Entering JobStarted Notification
[2025-09-20 12:16:14Z INFO JobNotification] Entering StartMonitor
[2025-09-20 12:16:40Z INFO ProcessInvokerWrapper] STDOUT/STDERR stream read finished.
[2025-09-20 12:16:40Z INFO ProcessInvokerWrapper] STDOUT/STDERR stream read finished.
[2025-09-20 12:16:40Z INFO ProcessInvokerWrapper] Finished process 25312 with exit code 102, and elapsed time 00:00:28.9317269.
[2025-09-20 12:16:40Z INFO JobDispatcher] Worker finished for job 8b4c5bfb-73e0-57b8-8179-ab487e49e729. Code: 102
[2025-09-20 12:16:40Z INFO JobDispatcher] finish job request for job 8b4c5bfb-73e0-57b8-8179-ab487e49e729 with result: Failed
[2025-09-20 12:16:40Z INFO Terminal] WRITE LINE: 2025-09-20 12:16:40Z: Job build-and-deploy completed with result: Failed
[2025-09-20 12:16:40Z INFO JobDispatcher] Stop renew job request for job 8b4c5bfb-73e0-57b8-8179-ab487e49e729.
[2025-09-20 12:16:40Z INFO JobDispatcher] job renew has been cancelled, stop renew job 8b4c5bfb-73e0-57b8-8179-ab487e49e729.
[2025-09-20 12:16:40Z INFO JobNotification] Entering JobCompleted Notification
[2025-09-20 12:16:40Z INFO JobNotification] Entering EndMonitor
[2025-09-20 12:16:40Z INFO BrokerMessageListener] Received job status event. JobState: Online
[2025-09-20 12:16:40Z WARN GitHubActionsService] GET request to https://broker.actions.githubusercontent.com/message?sessionId=6d6912fd-5436-4280-808d-827b1d129522&status=Busy&runnerVersion=2.328.0&os=Windows&architecture=X64&disableUpdate=false has been cancelled.
[2025-09-20 12:16:40Z ERR  BrokerServer] Catch exception during request
[2025-09-20 12:16:40Z ERR  BrokerServer] System.Threading.Tasks.TaskCanceledException: The operation was canceled.
 ---> System.Threading.Tasks.TaskCanceledException: The operation was canceled.
 ---> System.IO.IOException: Unable to read data from the transport connection: The I/O operation has been aborted because of either a thread exit or an application request..
 ---> System.Net.Sockets.SocketException (995): The I/O operation has been aborted because of either a thread exit or an application request.
   --- End of inner exception stack trace ---
   at System.Net.Sockets.Socket.AwaitableSocketAsyncEventArgs.System.Threading.Tasks.Sources.IValueTaskSource<System.Int32>.GetResult(Int16 token)
   at System.Net.Security.SslStream.EnsureFullTlsFrameAsync[TIOAdapter](CancellationToken cancellationToken, Int32 estimatedSize)
   at System.Runtime.CompilerServices.PoolingAsyncValueTaskMethodBuilder`1.StateMachineBox`1.System.Threading.Tasks.Sources.IValueTaskSource<TResult>.GetResult(Int16 token)
   at System.Net.Security.SslStream.ReadAsyncInternal[TIOAdapter](Memory`1 buffer, CancellationToken cancellationToken)
   at System.Runtime.CompilerServices.PoolingAsyncValueTaskMethodBuilder`1.StateMachineBox`1.System.Threading.Tasks.Sources.IValueTaskSource<TResult>.GetResult(Int16 token)
   at System.Net.Http.HttpConnection.<EnsureReadAheadTaskHasStarted>g__ReadAheadWithZeroByteReadAsync|40_0()
   at System.Net.Http.HttpConnection.SendAsync(HttpRequestMessage request, Boolean async, CancellationToken cancellationToken)
   --- End of inner exception stack trace ---
   at System.Net.Http.HttpConnection.SendAsync(HttpRequestMessage request, Boolean async, CancellationToken cancellationToken)
   at System.Net.Http.AuthenticationHelper.SendWithNtAuthAsync(HttpRequestMessage request, Uri authUri, Boolean async, ICredentials credentials, Boolean isProxyAuth, HttpConnection connection, HttpConnectionPool connectionPool, CancellationToken cancellationToken)
   at System.Net.Http.HttpConnectionPool.SendWithVersionDetectionAndRetryAsync(HttpRequestMessage request, Boolean async, Boolean doRequestAuth, CancellationToken cancellationToken)
   at System.Net.Http.AuthenticationHelper.SendWithAuthAsync(HttpRequestMessage request, Uri authUri, Boolean async, ICredentials credentials, Boolean preAuthenticate, Boolean isProxyAuth, Boolean doRequestAuth, HttpConnectionPool pool, CancellationToken cancellationToken)
   at System.Net.Http.RedirectHandler.SendAsync(HttpRequestMessage request, Boolean async, CancellationToken cancellationToken)
   at GitHub.Services.Common.RawHttpMessageHandler.SendAsync(HttpRequestMessage request, CancellationToken cancellationToken)
   at GitHub.Services.Common.VssHttpRetryMessageHandler.SendAsync(HttpRequestMessage request, CancellationToken cancellationToken)
   at System.Net.Http.HttpClient.<SendAsync>g__Core|83_0(HttpRequestMessage request, HttpCompletionOption completionOption, CancellationTokenSource cts, Boolean disposeCts, CancellationTokenSource pendingRequestsCts, CancellationToken originalCancellationToken)
   --- End of inner exception stack trace ---
   at System.Net.Http.HttpClient.HandleFailure(Exception e, Boolean telemetryStarted, HttpResponseMessage response, CancellationTokenSource cts, CancellationToken cancellationToken, CancellationTokenSource pendingRequestsCts)
   at System.Net.Http.HttpClient.<SendAsync>g__Core|83_0(HttpRequestMessage request, HttpCompletionOption completionOption, CancellationTokenSource cts, Boolean disposeCts, CancellationTokenSource pendingRequestsCts, CancellationToken originalCancellationToken)
   at Sdk.WebApi.WebApi.RawHttpClientBase.SendAsync(HttpRequestMessage message, HttpCompletionOption completionOption, Object userState, CancellationToken cancellationToken)
   at Sdk.WebApi.WebApi.RawHttpClientBase.SendAsync[T](HttpRequestMessage message, Boolean readErrorBody, Object userState, CancellationToken cancellationToken)
   at Sdk.WebApi.WebApi.RawHttpClientBase.SendAsync[T](HttpMethod method, IEnumerable`1 additionalHeaders, Uri requestUri, HttpContent content, IEnumerable`1 queryParameters, Boolean readErrorBody, Object userState, CancellationToken cancellationToken)
   at GitHub.Actions.RunService.WebApi.BrokerHttpClient.GetRunnerMessageAsync(Nullable`1 sessionId, String runnerVersion, Nullable`1 status, String os, String architecture, Nullable`1 disableUpdate, CancellationToken cancellationToken)
   at GitHub.Runner.Common.BrokerServer.<>c__DisplayClass7_0.<<GetRunnerMessageAsync>b__0>d.MoveNext()
--- End of stack trace from previous location ---
   at GitHub.Runner.Common.RunnerService.RetryRequest[T](Func`1 func, CancellationToken cancellationToken, Int32 maxRetryAttemptsCount, Func`2 shouldRetry)
[2025-09-20 12:16:40Z ERR  BrokerServer] #####################################################
[2025-09-20 12:16:40Z ERR  BrokerServer] System.Threading.Tasks.TaskCanceledException: The operation was canceled.
 ---> System.IO.IOException: Unable to read data from the transport connection: The I/O operation has been aborted because of either a thread exit or an application request..
 ---> System.Net.Sockets.SocketException (995): The I/O operation has been aborted because of either a thread exit or an application request.
   --- End of inner exception stack trace ---
   at System.Net.Sockets.Socket.AwaitableSocketAsyncEventArgs.System.Threading.Tasks.Sources.IValueTaskSource<System.Int32>.GetResult(Int16 token)
   at System.Net.Security.SslStream.EnsureFullTlsFrameAsync[TIOAdapter](CancellationToken cancellationToken, Int32 estimatedSize)
   at System.Runtime.CompilerServices.PoolingAsyncValueTaskMethodBuilder`1.StateMachineBox`1.System.Threading.Tasks.Sources.IValueTaskSource<TResult>.GetResult(Int16 token)
   at System.Net.Security.SslStream.ReadAsyncInternal[TIOAdapter](Memory`1 buffer, CancellationToken cancellationToken)
   at System.Runtime.CompilerServices.PoolingAsyncValueTaskMethodBuilder`1.StateMachineBox`1.System.Threading.Tasks.Sources.IValueTaskSource<TResult>.GetResult(Int16 token)
   at System.Net.Http.HttpConnection.<EnsureReadAheadTaskHasStarted>g__ReadAheadWithZeroByteReadAsync|40_0()
   at System.Net.Http.HttpConnection.SendAsync(HttpRequestMessage request, Boolean async, CancellationToken cancellationToken)
   --- End of inner exception stack trace ---
   at System.Net.Http.HttpConnection.SendAsync(HttpRequestMessage request, Boolean async, CancellationToken cancellationToken)
   at System.Net.Http.AuthenticationHelper.SendWithNtAuthAsync(HttpRequestMessage request, Uri authUri, Boolean async, ICredentials credentials, Boolean isProxyAuth, HttpConnection connection, HttpConnectionPool connectionPool, CancellationToken cancellationToken)
   at System.Net.Http.HttpConnectionPool.SendWithVersionDetectionAndRetryAsync(HttpRequestMessage request, Boolean async, Boolean doRequestAuth, CancellationToken cancellationToken)
   at System.Net.Http.AuthenticationHelper.SendWithAuthAsync(HttpRequestMessage request, Uri authUri, Boolean async, ICredentials credentials, Boolean preAuthenticate, Boolean isProxyAuth, Boolean doRequestAuth, HttpConnectionPool pool, CancellationToken cancellationToken)
   at System.Net.Http.RedirectHandler.SendAsync(HttpRequestMessage request, Boolean async, CancellationToken cancellationToken)
   at GitHub.Services.Common.RawHttpMessageHandler.SendAsync(HttpRequestMessage request, CancellationToken cancellationToken)
   at GitHub.Services.Common.VssHttpRetryMessageHandler.SendAsync(HttpRequestMessage request, CancellationToken cancellationToken)
   at System.Net.Http.HttpClient.<SendAsync>g__Core|83_0(HttpRequestMessage request, HttpCompletionOption completionOption, CancellationTokenSource cts, Boolean disposeCts, CancellationTokenSource pendingRequestsCts, CancellationToken originalCancellationToken)
[2025-09-20 12:16:40Z ERR  BrokerServer] #####################################################
[2025-09-20 12:16:40Z ERR  BrokerServer] System.IO.IOException: Unable to read data from the transport connection: The I/O operation has been aborted because of either a thread exit or an application request..
 ---> System.Net.Sockets.SocketException (995): The I/O operation has been aborted because of either a thread exit or an application request.
   --- End of inner exception stack trace ---
   at System.Net.Sockets.Socket.AwaitableSocketAsyncEventArgs.System.Threading.Tasks.Sources.IValueTaskSource<System.Int32>.GetResult(Int16 token)
   at System.Net.Security.SslStream.EnsureFullTlsFrameAsync[TIOAdapter](CancellationToken cancellationToken, Int32 estimatedSize)
   at System.Runtime.CompilerServices.PoolingAsyncValueTaskMethodBuilder`1.StateMachineBox`1.System.Threading.Tasks.Sources.IValueTaskSource<TResult>.GetResult(Int16 token)
   at System.Net.Security.SslStream.ReadAsyncInternal[TIOAdapter](Memory`1 buffer, CancellationToken cancellationToken)
   at System.Runtime.CompilerServices.PoolingAsyncValueTaskMethodBuilder`1.StateMachineBox`1.System.Threading.Tasks.Sources.IValueTaskSource<TResult>.GetResult(Int16 token)
   at System.Net.Http.HttpConnection.<EnsureReadAheadTaskHasStarted>g__ReadAheadWithZeroByteReadAsync|40_0()
   at System.Net.Http.HttpConnection.SendAsync(HttpRequestMessage request, Boolean async, CancellationToken cancellationToken)
[2025-09-20 12:16:40Z ERR  BrokerServer] #####################################################
[2025-09-20 12:16:40Z ERR  BrokerServer] System.Net.Sockets.SocketException (995): The I/O operation has been aborted because of either a thread exit or an application request.
[2025-09-20 12:16:40Z WARN BrokerServer] Back off 11.022 seconds before next retry. 4 attempt left.
[2025-09-20 12:16:40Z INFO BrokerMessageListener] Get messages has been cancelled using local token source. Continue to get messages with new status.
