[2025-09-20 17:54:53Z INFO HostContext] No proxy settings were found based on environmental variables (http_proxy/https_proxy/HTTP_PROXY/HTTPS_PROXY)
[2025-09-20 17:54:53Z INFO HostContext] Well known directory 'Bin': 'C:\Users\MOHAMMED SAIFUDDIN\wisecow-assig\k8s\actions-runner\bin'
[2025-09-20 17:54:53Z INFO HostContext] Well known directory 'Root': 'C:\Users\MOHAMMED SAIFUDDIN\wisecow-assig\k8s\actions-runner'
[2025-09-20 17:54:53Z INFO HostContext] Well known config file 'Credentials': 'C:\Users\MOHAMMED SAIFUDDIN\wisecow-assig\k8s\actions-runner\.credentials'
[2025-09-20 17:54:53Z INFO HostContext] Well known directory 'Bin': 'C:\Users\MOHAMMED SAIFUDDIN\wisecow-assig\k8s\actions-runner\bin'
[2025-09-20 17:54:53Z INFO HostContext] Well known directory 'Root': 'C:\Users\MOHAMMED SAIFUDDIN\wisecow-assig\k8s\actions-runner'
[2025-09-20 17:54:53Z INFO HostContext] Well known config file 'Runner': 'C:\Users\MOHAMMED SAIFUDDIN\wisecow-assig\k8s\actions-runner\.runner'
[2025-09-20 17:54:53Z INFO Listener] Runner is built for Windows (X64) - win-x64.
[2025-09-20 17:54:53Z INFO Listener] RuntimeInformation: Microsoft Windows 10.0.26100.
[2025-09-20 17:54:53Z INFO Listener] Version: 2.328.0
[2025-09-20 17:54:53Z INFO Listener] Commit: 6f9a9110adce65f44ca6f7c0ae142b9cc6af937b
[2025-09-20 17:54:53Z INFO Listener] Culture: en-IN
[2025-09-20 17:54:53Z INFO Listener] UI Culture: en-US
[2025-09-20 17:54:53Z INFO HostContext] Well known directory 'Bin': 'C:\Users\MOHAMMED SAIFUDDIN\wisecow-assig\k8s\actions-runner\bin'
[2025-09-20 17:54:53Z INFO HostContext] Well known directory 'Root': 'C:\Users\MOHAMMED SAIFUDDIN\wisecow-assig\k8s\actions-runner'
[2025-09-20 17:54:53Z INFO Listener] Validating directory permissions for: 'C:\Users\MOHAMMED SAIFUDDIN\wisecow-assig\k8s\actions-runner'
[2025-09-20 17:54:53Z INFO CommandLineParser] Parse
[2025-09-20 17:54:53Z INFO CommandLineParser] Parsing 1 args
[2025-09-20 17:54:53Z INFO CommandLineParser] parsing argument
[2025-09-20 17:54:53Z INFO CommandLineParser] HasArgs: False
[2025-09-20 17:54:53Z INFO CommandLineParser] Adding Command: run
[2025-09-20 17:54:53Z INFO Listener] Arguments parsed
[2025-09-20 17:54:53Z INFO Runner] ExecuteCommand
[2025-09-20 17:54:53Z INFO ConfigurationStore] currentAssemblyLocation: C:\Users\MOHAMMED SAIFUDDIN\wisecow-assig\k8s\actions-runner\bin\Runner.Listener.dll
[2025-09-20 17:54:53Z INFO HostContext] Well known directory 'Bin': 'C:\Users\MOHAMMED SAIFUDDIN\wisecow-assig\k8s\actions-runner\bin'
[2025-09-20 17:54:53Z INFO ConfigurationStore] binPath: C:\Users\MOHAMMED SAIFUDDIN\wisecow-assig\k8s\actions-runner\bin
[2025-09-20 17:54:53Z INFO HostContext] Well known directory 'Bin': 'C:\Users\MOHAMMED SAIFUDDIN\wisecow-assig\k8s\actions-runner\bin'
[2025-09-20 17:54:53Z INFO HostContext] Well known directory 'Root': 'C:\Users\MOHAMMED SAIFUDDIN\wisecow-assig\k8s\actions-runner'
[2025-09-20 17:54:53Z INFO ConfigurationStore] RootFolder: C:\Users\MOHAMMED SAIFUDDIN\wisecow-assig\k8s\actions-runner
[2025-09-20 17:54:53Z INFO HostContext] Well known directory 'Bin': 'C:\Users\MOHAMMED SAIFUDDIN\wisecow-assig\k8s\actions-runner\bin'
[2025-09-20 17:54:53Z INFO HostContext] Well known directory 'Root': 'C:\Users\MOHAMMED SAIFUDDIN\wisecow-assig\k8s\actions-runner'
[2025-09-20 17:54:53Z INFO HostContext] Well known config file 'Runner': 'C:\Users\MOHAMMED SAIFUDDIN\wisecow-assig\k8s\actions-runner\.runner'
[2025-09-20 17:54:53Z INFO ConfigurationStore] ConfigFilePath: C:\Users\MOHAMMED SAIFUDDIN\wisecow-assig\k8s\actions-runner\.runner
[2025-09-20 17:54:53Z INFO HostContext] Well known directory 'Bin': 'C:\Users\MOHAMMED SAIFUDDIN\wisecow-assig\k8s\actions-runner\bin'
[2025-09-20 17:54:53Z INFO HostContext] Well known directory 'Root': 'C:\Users\MOHAMMED SAIFUDDIN\wisecow-assig\k8s\actions-runner'
[2025-09-20 17:54:53Z INFO HostContext] Well known config file 'MigratedRunner': 'C:\Users\MOHAMMED SAIFUDDIN\wisecow-assig\k8s\actions-runner\.runner_migrated'
[2025-09-20 17:54:53Z INFO ConfigurationStore] MigratedConfigFilePath: C:\Users\MOHAMMED SAIFUDDIN\wisecow-assig\k8s\actions-runner\.runner_migrated
[2025-09-20 17:54:53Z INFO HostContext] Well known directory 'Bin': 'C:\Users\MOHAMMED SAIFUDDIN\wisecow-assig\k8s\actions-runner\bin'
[2025-09-20 17:54:53Z INFO HostContext] Well known directory 'Root': 'C:\Users\MOHAMMED SAIFUDDIN\wisecow-assig\k8s\actions-runner'
[2025-09-20 17:54:53Z INFO HostContext] Well known config file 'Credentials': 'C:\Users\MOHAMMED SAIFUDDIN\wisecow-assig\k8s\actions-runner\.credentials'
[2025-09-20 17:54:53Z INFO ConfigurationStore] CredFilePath: C:\Users\MOHAMMED SAIFUDDIN\wisecow-assig\k8s\actions-runner\.credentials
[2025-09-20 17:54:53Z INFO HostContext] Well known directory 'Bin': 'C:\Users\MOHAMMED SAIFUDDIN\wisecow-assig\k8s\actions-runner\bin'
[2025-09-20 17:54:53Z INFO HostContext] Well known directory 'Root': 'C:\Users\MOHAMMED SAIFUDDIN\wisecow-assig\k8s\actions-runner'
[2025-09-20 17:54:53Z INFO HostContext] Well known config file 'MigratedCredentials': 'C:\Users\MOHAMMED SAIFUDDIN\wisecow-assig\k8s\actions-runner\.credentials_migrated'
[2025-09-20 17:54:53Z INFO ConfigurationStore] MigratedCredFilePath: C:\Users\MOHAMMED SAIFUDDIN\wisecow-assig\k8s\actions-runner\.credentials_migrated
[2025-09-20 17:54:53Z INFO HostContext] Well known directory 'Bin': 'C:\Users\MOHAMMED SAIFUDDIN\wisecow-assig\k8s\actions-runner\bin'
[2025-09-20 17:54:53Z INFO HostContext] Well known directory 'Root': 'C:\Users\MOHAMMED SAIFUDDIN\wisecow-assig\k8s\actions-runner'
[2025-09-20 17:54:53Z INFO HostContext] Well known config file 'Service': 'C:\Users\MOHAMMED SAIFUDDIN\wisecow-assig\k8s\actions-runner\.service'
[2025-09-20 17:54:53Z INFO ConfigurationStore] ServiceConfigFilePath: C:\Users\MOHAMMED SAIFUDDIN\wisecow-assig\k8s\actions-runner\.service
[2025-09-20 17:54:53Z INFO CommandSettings] Flag 'help': 'False'
[2025-09-20 17:54:53Z INFO CommandSettings] Flag 'version': 'False'
[2025-09-20 17:54:53Z INFO CommandSettings] Flag 'commit': 'False'
[2025-09-20 17:54:53Z INFO CommandSettings] Flag 'check': 'False'
[2025-09-20 17:54:53Z INFO CommandSettings] Command 'configure': 'False'
[2025-09-20 17:54:53Z INFO CommandSettings] Command 'remove': 'False'
[2025-09-20 17:54:53Z INFO CommandSettings] Command 'warmup': 'False'
[2025-09-20 17:54:53Z INFO ConfigurationManager] LoadSettings
[2025-09-20 17:54:53Z INFO ConfigurationStore] IsConfigured()
[2025-09-20 17:54:53Z INFO ConfigurationStore] IsConfigured: True
[2025-09-20 17:54:53Z INFO ConfigurationManager] Is configured: True
[2025-09-20 17:54:53Z INFO ConfigurationStore] Read setting file: 412 chars
[2025-09-20 17:54:53Z INFO ConfigurationManager] Settings Loaded
[2025-09-20 17:54:53Z INFO ConfigurationStore] IsServiceConfigured()
[2025-09-20 17:54:53Z INFO ConfigurationStore] IsServiceConfigured: False
[2025-09-20 17:54:53Z INFO CommandSettings] Command 'run': 'True'
[2025-09-20 17:54:53Z INFO ConfigurationStore] IsConfigured()
[2025-09-20 17:54:53Z INFO ConfigurationStore] IsConfigured: True
[2025-09-20 17:54:53Z INFO ConfigurationManager] Is configured: True
[2025-09-20 17:54:53Z INFO Runner] Could not parse the argument value '' for StartupType. Defaulting to Manual
[2025-09-20 17:54:53Z INFO Runner] Set runner startup type - Manual
[2025-09-20 17:54:53Z INFO CommandSettings] Flag 'once': 'False'
[2025-09-20 17:54:53Z INFO CommandSettings] Flag 'once': 'False'
[2025-09-20 17:54:53Z INFO Runner] RunAsync
[2025-09-20 17:54:53Z INFO ConfigurationManager] LoadMigratedSettings
[2025-09-20 17:54:53Z INFO ConfigurationStore] IsMigratedConfigured()
[2025-09-20 17:54:53Z INFO ConfigurationStore] IsMigratedConfigured: False
[2025-09-20 17:54:53Z INFO Runner] Failed to load migrated settings: No migrated configuration found.
[2025-09-20 17:54:53Z INFO Runner] Falling back to original .runner settings
[2025-09-20 17:54:53Z INFO Runner] Using BrokerMessageListener
[2025-09-20 17:54:53Z INFO BrokerMessageListener] Using provided settings
[2025-09-20 17:54:53Z INFO BrokerMessageListener] {
  "AgentId": 22,
  "AgentName": "LAPTOP-F6M01O0M",
  "PoolId": 1,
  "PoolName": "Default",
  "ServerUrl": "https://pipelinesghubeus14.actions.githubusercontent.com/cluBm5foYVqtEeJXFx7mEgfvT6ZgcB15NkBJC9bXdZea2Ov7KF/",
  "GitHubUrl": "https://github.com/mohammed-saifuddin/wisecow-assig",
  "WorkFolder": "_work",
  "UseV2Flow": true,
  "ServerUrlV2": "https://broker.actions.githubusercontent.com/"
}
[2025-09-20 17:54:53Z INFO BrokerMessageListener] Loading Credentials
[2025-09-20 17:54:53Z INFO ConfigurationStore] HasCredentials()
[2025-09-20 17:54:53Z INFO ConfigurationStore] stored True
[2025-09-20 17:54:53Z INFO CredentialManager] GetCredentialProvider
[2025-09-20 17:54:53Z INFO CredentialManager] Creating type OAuth
[2025-09-20 17:54:53Z INFO CredentialManager] Creating credential type: OAuth
[2025-09-20 17:54:53Z INFO HostContext] Well known directory 'Bin': 'C:\Users\MOHAMMED SAIFUDDIN\wisecow-assig\k8s\actions-runner\bin'
[2025-09-20 17:54:53Z INFO HostContext] Well known directory 'Root': 'C:\Users\MOHAMMED SAIFUDDIN\wisecow-assig\k8s\actions-runner'
[2025-09-20 17:54:53Z INFO HostContext] Well known config file 'RSACredentials': 'C:\Users\MOHAMMED SAIFUDDIN\wisecow-assig\k8s\actions-runner\.credentials_rsaparams'
[2025-09-20 17:54:53Z INFO RSAEncryptedFileKeyManager] Loading RSA key parameters from file C:\Users\MOHAMMED SAIFUDDIN\wisecow-assig\k8s\actions-runner\.credentials_rsaparams
[2025-09-20 17:54:53Z INFO BrokerMessageListener] Attempt to create session.
[2025-09-20 17:54:53Z INFO BrokerMessageListener] Connecting to the Broker Server...
[2025-09-20 17:54:53Z INFO ConfigurationStore] HasCredentials()
[2025-09-20 17:54:53Z INFO ConfigurationStore] stored True
[2025-09-20 17:54:53Z INFO CredentialManager] GetCredentialProvider
[2025-09-20 17:54:53Z INFO CredentialManager] Creating type OAuth
[2025-09-20 17:54:53Z INFO CredentialManager] Creating credential type: OAuth
[2025-09-20 17:54:53Z INFO RSAEncryptedFileKeyManager] Loading RSA key parameters from file C:\Users\MOHAMMED SAIFUDDIN\wisecow-assig\k8s\actions-runner\.credentials_rsaparams
[2025-09-20 17:54:53Z INFO BrokerMessageListener] VssConnection created
[2025-09-20 17:54:53Z INFO BrokerMessageListener] Connecting to the Runner server...
[2025-09-20 17:54:53Z INFO RunnerServer] EstablishVssConnection
[2025-09-20 17:54:53Z INFO RunnerServer] Establish connection with 100 seconds timeout.
[2025-09-20 17:54:53Z INFO GitHubActionsService] Starting operation Location.GetConnectionData
[2025-09-20 17:54:53Z INFO RunnerServer] EstablishVssConnection
[2025-09-20 17:54:53Z INFO RunnerServer] Establish connection with 60 seconds timeout.
[2025-09-20 17:54:53Z INFO GitHubActionsService] Starting operation Location.GetConnectionData
[2025-09-20 17:54:53Z INFO RunnerServer] EstablishVssConnection
[2025-09-20 17:54:53Z INFO RunnerServer] Establish connection with 60 seconds timeout.
[2025-09-20 17:54:53Z INFO GitHubActionsService] Starting operation Location.GetConnectionData
[2025-09-20 17:54:55Z INFO GitHubActionsService] Finished operation Location.GetConnectionData
[2025-09-20 17:54:55Z INFO GitHubActionsService] Finished operation Location.GetConnectionData
[2025-09-20 17:54:55Z INFO GitHubActionsService] Finished operation Location.GetConnectionData
[2025-09-20 17:54:55Z INFO BrokerMessageListener] VssConnection created
[2025-09-20 17:54:55Z INFO Terminal] WRITE LINE: 
[2025-09-20 17:54:55Z INFO Terminal] WRITE LINE: 
[2025-09-20 17:54:55Z INFO RSAEncryptedFileKeyManager] Loading RSA key parameters from file C:\Users\MOHAMMED SAIFUDDIN\wisecow-assig\k8s\actions-runner\.credentials_rsaparams
[2025-09-20 17:54:55Z INFO RSAEncryptedFileKeyManager] Loading RSA key parameters from file C:\Users\MOHAMMED SAIFUDDIN\wisecow-assig\k8s\actions-runner\.credentials_rsaparams
[2025-09-20 17:54:56Z INFO GitHubActionsService] AAD Correlation ID for this token request: Unknown
[2025-09-20 17:54:57Z INFO BrokerMessageListener] Session created.
[2025-09-20 17:54:57Z INFO Terminal] WRITE LINE: Current runner version: '2.328.0'
[2025-09-20 17:54:57Z INFO Terminal] WRITE LINE: 2025-09-20 17:54:57Z: Listening for Jobs
[2025-09-20 17:54:57Z INFO JobDispatcher] Set runner/worker IPC timeout to 30 seconds.
[2025-09-20 17:55:02Z INFO ConfigurationStore] HasCredentials()
[2025-09-20 17:55:02Z INFO ConfigurationStore] stored True
[2025-09-20 17:55:02Z INFO CredentialManager] GetCredentialProvider
[2025-09-20 17:55:02Z INFO CredentialManager] Creating type OAuth
[2025-09-20 17:55:02Z INFO CredentialManager] Creating credential type: OAuth
[2025-09-20 17:55:02Z INFO RSAEncryptedFileKeyManager] Loading RSA key parameters from file C:\Users\MOHAMMED SAIFUDDIN\wisecow-assig\k8s\actions-runner\.credentials_rsaparams
[2025-09-20 17:55:02Z INFO RSAEncryptedFileKeyManager] Loading RSA key parameters from file C:\Users\MOHAMMED SAIFUDDIN\wisecow-assig\k8s\actions-runner\.credentials_rsaparams
[2025-09-20 17:55:02Z INFO RSAEncryptedFileKeyManager] Loading RSA key parameters from file C:\Users\MOHAMMED SAIFUDDIN\wisecow-assig\k8s\actions-runner\.credentials_rsaparams
[2025-09-20 17:55:03Z INFO GitHubActionsService] AAD Correlation ID for this token request: Unknown
[2025-09-20 17:55:05Z INFO JobDispatcher] Job request 0 for plan 6710c381-01d6-4c79-9d56-49caf0d4c21e job 1cd76d55-b964-5e65-95c8-ee515b8229fe received.
[2025-09-20 17:55:05Z INFO JobDispatcher] Pull OrchestrationId 6710c381-01d6-4c79-9d56-49caf0d4c21e.build-and-deploy.__default from JWT claims
[2025-09-20 17:55:05Z INFO BrokerMessageListener] Received job status event. JobState: Busy
[2025-09-20 17:55:05Z INFO BrokerMessageListener] _getMessagesTokenSource is already disposed.
[2025-09-20 17:55:05Z INFO Terminal] WRITE LINE: 2025-09-20 17:55:05Z: Running job: build-and-deploy
[2025-09-20 17:55:05Z INFO JobDispatcher] Start renew job request 0 for job 1cd76d55-b964-5e65-95c8-ee515b8229fe.
[2025-09-20 17:55:06Z INFO JobDispatcher] Successfully renew job 1cd76d55-b964-5e65-95c8-ee515b8229fe, job is valid till 20-09-2025 18:05:06
[2025-09-20 17:55:06Z INFO HostContext] Well known directory 'Bin': 'C:\Users\MOHAMMED SAIFUDDIN\wisecow-assig\k8s\actions-runner\bin'
[2025-09-20 17:55:06Z INFO ProcessInvokerWrapper] Starting process:
[2025-09-20 17:55:06Z INFO ProcessInvokerWrapper]   File name: 'C:\Users\MOHAMMED SAIFUDDIN\wisecow-assig\k8s\actions-runner\bin\Runner.Worker.exe'
[2025-09-20 17:55:06Z INFO ProcessInvokerWrapper]   Arguments: 'spawnclient 2196 2244'
[2025-09-20 17:55:06Z INFO ProcessInvokerWrapper]   Working directory: 'C:\Users\MOHAMMED SAIFUDDIN\wisecow-assig\k8s\actions-runner\bin'
[2025-09-20 17:55:06Z INFO ProcessInvokerWrapper]   Require exit code zero: 'False'
[2025-09-20 17:55:06Z INFO ProcessInvokerWrapper]   Encoding web name:  ; code page: ''
[2025-09-20 17:55:06Z INFO ProcessInvokerWrapper]   Force kill process on cancellation: 'True'
[2025-09-20 17:55:06Z INFO ProcessInvokerWrapper]   Redirected STDIN: 'False'
[2025-09-20 17:55:06Z INFO ProcessInvokerWrapper]   Persist current code page: 'False'
[2025-09-20 17:55:06Z INFO ProcessInvokerWrapper]   Keep redirected STDIN open: 'False'
[2025-09-20 17:55:06Z INFO ProcessInvokerWrapper]   High priority process: 'True'
[2025-09-20 17:55:06Z INFO ProcessInvokerWrapper] Process started with process id 16536, waiting for process exit.
[2025-09-20 17:55:06Z INFO JobDispatcher] Send job request message to worker for job 1cd76d55-b964-5e65-95c8-ee515b8229fe.
[2025-09-20 17:55:06Z INFO ProcessChannel] Sending message of length 23758, with hash '1be01cc6e714658702f79926e9da30e0bb0015fba2843b317455d2afd40ca56f'
[2025-09-20 17:55:07Z INFO JobNotification] Entering JobStarted Notification
[2025-09-20 17:55:07Z INFO JobNotification] Entering StartMonitor
[2025-09-20 17:56:07Z INFO JobDispatcher] Successfully renew job 1cd76d55-b964-5e65-95c8-ee515b8229fe, job is valid till 20-09-2025 18:06:07
[2025-09-20 17:57:07Z INFO JobDispatcher] Successfully renew job 1cd76d55-b964-5e65-95c8-ee515b8229fe, job is valid till 20-09-2025 18:07:07
[2025-09-20 17:58:07Z INFO JobDispatcher] Successfully renew job 1cd76d55-b964-5e65-95c8-ee515b8229fe, job is valid till 20-09-2025 18:08:07
[2025-09-20 17:59:08Z INFO JobDispatcher] Successfully renew job 1cd76d55-b964-5e65-95c8-ee515b8229fe, job is valid till 20-09-2025 18:09:08
[2025-09-20 17:59:45Z INFO ProcessInvokerWrapper] STDOUT/STDERR stream read finished.
[2025-09-20 17:59:45Z INFO ProcessInvokerWrapper] STDOUT/STDERR stream read finished.
[2025-09-20 17:59:45Z INFO ProcessInvokerWrapper] Finished process 16536 with exit code 102, and elapsed time 00:04:38.9935391.
[2025-09-20 17:59:45Z INFO JobDispatcher] Worker finished for job 1cd76d55-b964-5e65-95c8-ee515b8229fe. Code: 102
[2025-09-20 17:59:45Z INFO JobDispatcher] finish job request for job 1cd76d55-b964-5e65-95c8-ee515b8229fe with result: Failed
[2025-09-20 17:59:45Z INFO Terminal] WRITE LINE: 2025-09-20 17:59:45Z: Job build-and-deploy completed with result: Failed
[2025-09-20 17:59:45Z INFO JobDispatcher] Stop renew job request for job 1cd76d55-b964-5e65-95c8-ee515b8229fe.
[2025-09-20 17:59:45Z INFO JobDispatcher] job renew has been cancelled, stop renew job 1cd76d55-b964-5e65-95c8-ee515b8229fe.
[2025-09-20 17:59:45Z INFO JobNotification] Entering JobCompleted Notification
[2025-09-20 17:59:45Z INFO JobNotification] Entering EndMonitor
[2025-09-20 17:59:45Z INFO BrokerMessageListener] Received job status event. JobState: Online
[2025-09-20 17:59:45Z WARN GitHubActionsService] GET request to https://broker.actions.githubusercontent.com/message?sessionId=1a999b49-ffcc-4533-ba99-b4e84d55716f&status=Busy&runnerVersion=2.328.0&os=Windows&architecture=X64&disableUpdate=false has been cancelled.
[2025-09-20 17:59:45Z ERR  BrokerServer] Catch exception during request
[2025-09-20 17:59:45Z ERR  BrokerServer] System.Threading.Tasks.TaskCanceledException: The operation was canceled.
 ---> System.Threading.Tasks.TaskCanceledException: The operation was canceled.
 ---> System.IO.IOException: Unable to read data from the transport connection: The I/O operation has been aborted because of either a thread exit or an application request..
 ---> System.Net.Sockets.SocketException (995): The I/O operation has been aborted because of either a thread exit or an application request.
   --- End of inner exception stack trace ---
   at System.Net.Sockets.Socket.AwaitableSocketAsyncEventArgs.ThrowException(SocketError error, CancellationToken cancellationToken)
   at System.Net.Sockets.Socket.AwaitableSocketAsyncEventArgs.System.Threading.Tasks.Sources.IValueTaskSource<System.Int32>.GetResult(Int16 token)
   at System.Net.Security.SslStream.EnsureFullTlsFrameAsync[TIOAdapter](CancellationToken cancellationToken, Int32 estimatedSize)
   at System.Runtime.CompilerServices.PoolingAsyncValueTaskMethodBuilder`1.StateMachineBox`1.System.Threading.Tasks.Sources.IValueTaskSource<TResult>.GetResult(Int16 token)
   at System.Net.Security.SslStream.ReadAsyncInternal[TIOAdapter](Memory`1 buffer, CancellationToken cancellationToken)
   at System.Runtime.CompilerServices.PoolingAsyncValueTaskMethodBuilder`1.StateMachineBox`1.System.Threading.Tasks.Sources.IValueTaskSource<TResult>.GetResult(Int16 token)
   at System.Net.Http.HttpConnection.SendAsync(HttpRequestMessage request, Boolean async, CancellationToken cancellationToken)
   --- End of inner exception stack trace ---
   at System.Net.Http.HttpConnection.SendAsync(HttpRequestMessage request, Boolean async, CancellationToken cancellationToken)
   at System.Net.Http.AuthenticationHelper.SendWithNtAuthAsync(HttpRequestMessage request, Uri authUri, Boolean async, ICredentials credentials, Boolean isProxyAuth, HttpConnection connection, HttpConnectionPool connectionPool, CancellationToken cancellationToken)
   at System.Net.Http.HttpConnectionPool.SendWithVersionDetectionAndRetryAsync(HttpRequestMessage request, Boolean async, Boolean doRequestAuth, CancellationToken cancellationToken)
   at System.Net.Http.AuthenticationHelper.SendWithAuthAsync(HttpRequestMessage request, Uri authUri, Boolean async, ICredentials credentials, Boolean preAuthenticate, Boolean isProxyAuth, Boolean doRequestAuth, HttpConnectionPool pool, CancellationToken cancellationToken)
   at System.Net.Http.RedirectHandler.SendAsync(HttpRequestMessage request, Boolean async, CancellationToken cancellationToken)
   at GitHub.Services.Common.RawHttpMessageHandler.SendAsync(HttpRequestMessage request, CancellationToken cancellationToken)
   at GitHub.Services.Common.VssHttpRetryMessageHandler.SendAsync(HttpRequestMessage request, CancellationToken cancellationToken)
   at System.Net.Http.HttpClient.<SendAsync>g__Core|83_0(HttpRequestMessage request, HttpCompletionOption completionOption, CancellationTokenSource cts, Boolean disposeCts, CancellationTokenSource pendingRequestsCts, CancellationToken originalCancellationToken)
   --- End of inner exception stack trace ---
   at System.Net.Http.HttpClient.HandleFailure(Exception e, Boolean telemetryStarted, HttpResponseMessage response, CancellationTokenSource cts, CancellationToken cancellationToken, CancellationTokenSource pendingRequestsCts)
   at System.Net.Http.HttpClient.<SendAsync>g__Core|83_0(HttpRequestMessage request, HttpCompletionOption completionOption, CancellationTokenSource cts, Boolean disposeCts, CancellationTokenSource pendingRequestsCts, CancellationToken originalCancellationToken)
   at Sdk.WebApi.WebApi.RawHttpClientBase.SendAsync(HttpRequestMessage message, HttpCompletionOption completionOption, Object userState, CancellationToken cancellationToken)
   at Sdk.WebApi.WebApi.RawHttpClientBase.SendAsync[T](HttpRequestMessage message, Boolean readErrorBody, Object userState, CancellationToken cancellationToken)
   at Sdk.WebApi.WebApi.RawHttpClientBase.SendAsync[T](HttpMethod method, IEnumerable`1 additionalHeaders, Uri requestUri, HttpContent content, IEnumerable`1 queryParameters, Boolean readErrorBody, Object userState, CancellationToken cancellationToken)
   at GitHub.Actions.RunService.WebApi.BrokerHttpClient.GetRunnerMessageAsync(Nullable`1 sessionId, String runnerVersion, Nullable`1 status, String os, String architecture, Nullable`1 disableUpdate, CancellationToken cancellationToken)
   at GitHub.Runner.Common.BrokerServer.<>c__DisplayClass7_0.<<GetRunnerMessageAsync>b__0>d.MoveNext()
--- End of stack trace from previous location ---
   at GitHub.Runner.Common.RunnerService.RetryRequest[T](Func`1 func, CancellationToken cancellationToken, Int32 maxRetryAttemptsCount, Func`2 shouldRetry)
[2025-09-20 17:59:45Z ERR  BrokerServer] #####################################################
[2025-09-20 17:59:45Z ERR  BrokerServer] System.Threading.Tasks.TaskCanceledException: The operation was canceled.
 ---> System.IO.IOException: Unable to read data from the transport connection: The I/O operation has been aborted because of either a thread exit or an application request..
 ---> System.Net.Sockets.SocketException (995): The I/O operation has been aborted because of either a thread exit or an application request.
   --- End of inner exception stack trace ---
   at System.Net.Sockets.Socket.AwaitableSocketAsyncEventArgs.ThrowException(SocketError error, CancellationToken cancellationToken)
   at System.Net.Sockets.Socket.AwaitableSocketAsyncEventArgs.System.Threading.Tasks.Sources.IValueTaskSource<System.Int32>.GetResult(Int16 token)
   at System.Net.Security.SslStream.EnsureFullTlsFrameAsync[TIOAdapter](CancellationToken cancellationToken, Int32 estimatedSize)
   at System.Runtime.CompilerServices.PoolingAsyncValueTaskMethodBuilder`1.StateMachineBox`1.System.Threading.Tasks.Sources.IValueTaskSource<TResult>.GetResult(Int16 token)
   at System.Net.Security.SslStream.ReadAsyncInternal[TIOAdapter](Memory`1 buffer, CancellationToken cancellationToken)
   at System.Runtime.CompilerServices.PoolingAsyncValueTaskMethodBuilder`1.StateMachineBox`1.System.Threading.Tasks.Sources.IValueTaskSource<TResult>.GetResult(Int16 token)
   at System.Net.Http.HttpConnection.SendAsync(HttpRequestMessage request, Boolean async, CancellationToken cancellationToken)
   --- End of inner exception stack trace ---
   at System.Net.Http.HttpConnection.SendAsync(HttpRequestMessage request, Boolean async, CancellationToken cancellationToken)
   at System.Net.Http.AuthenticationHelper.SendWithNtAuthAsync(HttpRequestMessage request, Uri authUri, Boolean async, ICredentials credentials, Boolean isProxyAuth, HttpConnection connection, HttpConnectionPool connectionPool, CancellationToken cancellationToken)
   at System.Net.Http.HttpConnectionPool.SendWithVersionDetectionAndRetryAsync(HttpRequestMessage request, Boolean async, Boolean doRequestAuth, CancellationToken cancellationToken)
   at System.Net.Http.AuthenticationHelper.SendWithAuthAsync(HttpRequestMessage request, Uri authUri, Boolean async, ICredentials credentials, Boolean preAuthenticate, Boolean isProxyAuth, Boolean doRequestAuth, HttpConnectionPool pool, CancellationToken cancellationToken)
   at System.Net.Http.RedirectHandler.SendAsync(HttpRequestMessage request, Boolean async, CancellationToken cancellationToken)
   at GitHub.Services.Common.RawHttpMessageHandler.SendAsync(HttpRequestMessage request, CancellationToken cancellationToken)
   at GitHub.Services.Common.VssHttpRetryMessageHandler.SendAsync(HttpRequestMessage request, CancellationToken cancellationToken)
   at System.Net.Http.HttpClient.<SendAsync>g__Core|83_0(HttpRequestMessage request, HttpCompletionOption completionOption, CancellationTokenSource cts, Boolean disposeCts, CancellationTokenSource pendingRequestsCts, CancellationToken originalCancellationToken)
[2025-09-20 17:59:45Z ERR  BrokerServer] #####################################################
[2025-09-20 17:59:45Z ERR  BrokerServer] System.IO.IOException: Unable to read data from the transport connection: The I/O operation has been aborted because of either a thread exit or an application request..
 ---> System.Net.Sockets.SocketException (995): The I/O operation has been aborted because of either a thread exit or an application request.
   --- End of inner exception stack trace ---
   at System.Net.Sockets.Socket.AwaitableSocketAsyncEventArgs.ThrowException(SocketError error, CancellationToken cancellationToken)
   at System.Net.Sockets.Socket.AwaitableSocketAsyncEventArgs.System.Threading.Tasks.Sources.IValueTaskSource<System.Int32>.GetResult(Int16 token)
   at System.Net.Security.SslStream.EnsureFullTlsFrameAsync[TIOAdapter](CancellationToken cancellationToken, Int32 estimatedSize)
   at System.Runtime.CompilerServices.PoolingAsyncValueTaskMethodBuilder`1.StateMachineBox`1.System.Threading.Tasks.Sources.IValueTaskSource<TResult>.GetResult(Int16 token)
   at System.Net.Security.SslStream.ReadAsyncInternal[TIOAdapter](Memory`1 buffer, CancellationToken cancellationToken)
   at System.Runtime.CompilerServices.PoolingAsyncValueTaskMethodBuilder`1.StateMachineBox`1.System.Threading.Tasks.Sources.IValueTaskSource<TResult>.GetResult(Int16 token)
   at System.Net.Http.HttpConnection.SendAsync(HttpRequestMessage request, Boolean async, CancellationToken cancellationToken)
[2025-09-20 17:59:45Z ERR  BrokerServer] #####################################################
[2025-09-20 17:59:45Z ERR  BrokerServer] System.Net.Sockets.SocketException (995): The I/O operation has been aborted because of either a thread exit or an application request.
[2025-09-20 17:59:45Z WARN BrokerServer] Back off 8.968 seconds before next retry. 4 attempt left.
[2025-09-20 17:59:45Z INFO BrokerMessageListener] Get messages has been cancelled using local token source. Continue to get messages with new status.
[2025-09-20 18:18:22Z INFO ConfigurationStore] HasCredentials()
[2025-09-20 18:18:22Z INFO ConfigurationStore] stored True
[2025-09-20 18:18:22Z INFO CredentialManager] GetCredentialProvider
[2025-09-20 18:18:22Z INFO CredentialManager] Creating type OAuth
[2025-09-20 18:18:22Z INFO CredentialManager] Creating credential type: OAuth
[2025-09-20 18:18:22Z INFO RSAEncryptedFileKeyManager] Loading RSA key parameters from file C:\Users\MOHAMMED SAIFUDDIN\wisecow-assig\k8s\actions-runner\.credentials_rsaparams
[2025-09-20 18:18:23Z INFO RSAEncryptedFileKeyManager] Loading RSA key parameters from file C:\Users\MOHAMMED SAIFUDDIN\wisecow-assig\k8s\actions-runner\.credentials_rsaparams
[2025-09-20 18:18:23Z INFO RSAEncryptedFileKeyManager] Loading RSA key parameters from file C:\Users\MOHAMMED SAIFUDDIN\wisecow-assig\k8s\actions-runner\.credentials_rsaparams
[2025-09-20 18:18:24Z INFO GitHubActionsService] AAD Correlation ID for this token request: Unknown
[2025-09-20 18:18:26Z INFO JobDispatcher] Job request 0 for plan 8d185ca8-6456-402b-b266-e906f1fab092 job 920675f2-3f25-5349-b624-af1c96efd7b2 received.
[2025-09-20 18:18:26Z INFO JobDispatcher] Pull OrchestrationId 8d185ca8-6456-402b-b266-e906f1fab092.build-and-deploy.__default from JWT claims
[2025-09-20 18:18:26Z INFO BrokerMessageListener] Received job status event. JobState: Busy
[2025-09-20 18:18:26Z INFO BrokerMessageListener] _getMessagesTokenSource is already disposed.
[2025-09-20 18:18:26Z INFO JobDispatcher] Job request 1cd76d55-b964-5e65-95c8-ee515b8229fe processed succeed.
[2025-09-20 18:18:26Z INFO Terminal] WRITE LINE: 2025-09-20 18:18:26Z: Running job: build-and-deploy
[2025-09-20 18:18:26Z INFO JobDispatcher] Start renew job request 0 for job 920675f2-3f25-5349-b624-af1c96efd7b2.
[2025-09-20 18:18:27Z INFO JobDispatcher] Successfully renew job 920675f2-3f25-5349-b624-af1c96efd7b2, job is valid till 20-09-2025 18:28:27
[2025-09-20 18:18:27Z INFO HostContext] Well known directory 'Bin': 'C:\Users\MOHAMMED SAIFUDDIN\wisecow-assig\k8s\actions-runner\bin'
[2025-09-20 18:18:27Z INFO ProcessInvokerWrapper] Starting process:
[2025-09-20 18:18:27Z INFO ProcessInvokerWrapper]   File name: 'C:\Users\MOHAMMED SAIFUDDIN\wisecow-assig\k8s\actions-runner\bin\Runner.Worker.exe'
[2025-09-20 18:18:27Z INFO ProcessInvokerWrapper]   Arguments: 'spawnclient 2232 1808'
[2025-09-20 18:18:27Z INFO ProcessInvokerWrapper]   Working directory: 'C:\Users\MOHAMMED SAIFUDDIN\wisecow-assig\k8s\actions-runner\bin'
[2025-09-20 18:18:27Z INFO ProcessInvokerWrapper]   Require exit code zero: 'False'
[2025-09-20 18:18:27Z INFO ProcessInvokerWrapper]   Encoding web name:  ; code page: ''
[2025-09-20 18:18:27Z INFO ProcessInvokerWrapper]   Force kill process on cancellation: 'True'
[2025-09-20 18:18:27Z INFO ProcessInvokerWrapper]   Redirected STDIN: 'False'
[2025-09-20 18:18:27Z INFO ProcessInvokerWrapper]   Persist current code page: 'False'
[2025-09-20 18:18:27Z INFO ProcessInvokerWrapper]   Keep redirected STDIN open: 'False'
[2025-09-20 18:18:27Z INFO ProcessInvokerWrapper]   High priority process: 'True'
[2025-09-20 18:18:27Z INFO ProcessInvokerWrapper] Process started with process id 23448, waiting for process exit.
[2025-09-20 18:18:27Z INFO JobDispatcher] Send job request message to worker for job 920675f2-3f25-5349-b624-af1c96efd7b2.
[2025-09-20 18:18:27Z INFO ProcessChannel] Sending message of length 23788, with hash '9e5e086fc2d6afc9ffad4f5b128e72caae4c6df7eefcd1191ed83e2c5c5bb941'
[2025-09-20 18:18:27Z INFO JobNotification] Entering JobStarted Notification
[2025-09-20 18:18:27Z INFO JobNotification] Entering StartMonitor
[2025-09-20 18:19:27Z INFO JobDispatcher] Successfully renew job 920675f2-3f25-5349-b624-af1c96efd7b2, job is valid till 20-09-2025 18:29:27
[2025-09-20 18:20:28Z INFO JobDispatcher] Successfully renew job 920675f2-3f25-5349-b624-af1c96efd7b2, job is valid till 20-09-2025 18:30:28
[2025-09-20 18:21:28Z INFO JobDispatcher] Successfully renew job 920675f2-3f25-5349-b624-af1c96efd7b2, job is valid till 20-09-2025 18:31:28
[2025-09-20 18:22:28Z INFO JobDispatcher] Successfully renew job 920675f2-3f25-5349-b624-af1c96efd7b2, job is valid till 20-09-2025 18:32:28
[2025-09-20 18:22:39Z INFO ProcessInvokerWrapper] STDOUT/STDERR stream read finished.
[2025-09-20 18:22:39Z INFO ProcessInvokerWrapper] STDOUT/STDERR stream read finished.
[2025-09-20 18:22:39Z INFO ProcessInvokerWrapper] Finished process 23448 with exit code 102, and elapsed time 00:04:12.3713271.
[2025-09-20 18:22:39Z INFO JobDispatcher] Worker finished for job 920675f2-3f25-5349-b624-af1c96efd7b2. Code: 102
[2025-09-20 18:22:39Z INFO JobDispatcher] finish job request for job 920675f2-3f25-5349-b624-af1c96efd7b2 with result: Failed
[2025-09-20 18:22:39Z INFO Terminal] WRITE LINE: 2025-09-20 18:22:39Z: Job build-and-deploy completed with result: Failed
[2025-09-20 18:22:39Z INFO JobDispatcher] Stop renew job request for job 920675f2-3f25-5349-b624-af1c96efd7b2.
[2025-09-20 18:22:39Z INFO JobDispatcher] job renew has been cancelled, stop renew job 920675f2-3f25-5349-b624-af1c96efd7b2.
[2025-09-20 18:22:39Z INFO JobNotification] Entering JobCompleted Notification
[2025-09-20 18:22:39Z INFO JobNotification] Entering EndMonitor
[2025-09-20 18:22:39Z INFO BrokerMessageListener] Received job status event. JobState: Online
[2025-09-20 18:22:39Z WARN GitHubActionsService] GET request to https://broker.actions.githubusercontent.com/message?sessionId=1a999b49-ffcc-4533-ba99-b4e84d55716f&status=Busy&runnerVersion=2.328.0&os=Windows&architecture=X64&disableUpdate=false has been cancelled.
[2025-09-20 18:22:39Z ERR  BrokerServer] Catch exception during request
[2025-09-20 18:22:39Z ERR  BrokerServer] System.Threading.Tasks.TaskCanceledException: The operation was canceled.
 ---> System.Threading.Tasks.TaskCanceledException: The operation was canceled.
 ---> System.IO.IOException: Unable to read data from the transport connection: The I/O operation has been aborted because of either a thread exit or an application request..
 ---> System.Net.Sockets.SocketException (995): The I/O operation has been aborted because of either a thread exit or an application request.
   --- End of inner exception stack trace ---
   at System.Net.Sockets.Socket.AwaitableSocketAsyncEventArgs.System.Threading.Tasks.Sources.IValueTaskSource<System.Int32>.GetResult(Int16 token)
   at System.Net.Security.SslStream.EnsureFullTlsFrameAsync[TIOAdapter](CancellationToken cancellationToken, Int32 estimatedSize)
   at System.Runtime.CompilerServices.PoolingAsyncValueTaskMethodBuilder`1.StateMachineBox`1.System.Threading.Tasks.Sources.IValueTaskSource<TResult>.GetResult(Int16 token)
   at System.Net.Security.SslStream.ReadAsyncInternal[TIOAdapter](Memory`1 buffer, CancellationToken cancellationToken)
   at System.Runtime.CompilerServices.PoolingAsyncValueTaskMethodBuilder`1.StateMachineBox`1.System.Threading.Tasks.Sources.IValueTaskSource<TResult>.GetResult(Int16 token)
   at System.Net.Http.HttpConnection.SendAsync(HttpRequestMessage request, Boolean async, CancellationToken cancellationToken)
   --- End of inner exception stack trace ---
   at System.Net.Http.HttpConnection.SendAsync(HttpRequestMessage request, Boolean async, CancellationToken cancellationToken)
   at System.Net.Http.AuthenticationHelper.SendWithNtAuthAsync(HttpRequestMessage request, Uri authUri, Boolean async, ICredentials credentials, Boolean isProxyAuth, HttpConnection connection, HttpConnectionPool connectionPool, CancellationToken cancellationToken)
   at System.Net.Http.HttpConnectionPool.SendWithVersionDetectionAndRetryAsync(HttpRequestMessage request, Boolean async, Boolean doRequestAuth, CancellationToken cancellationToken)
   at System.Net.Http.AuthenticationHelper.SendWithAuthAsync(HttpRequestMessage request, Uri authUri, Boolean async, ICredentials credentials, Boolean preAuthenticate, Boolean isProxyAuth, Boolean doRequestAuth, HttpConnectionPool pool, CancellationToken cancellationToken)
   at System.Net.Http.RedirectHandler.SendAsync(HttpRequestMessage request, Boolean async, CancellationToken cancellationToken)
   at GitHub.Services.Common.RawHttpMessageHandler.SendAsync(HttpRequestMessage request, CancellationToken cancellationToken)
   at GitHub.Services.Common.VssHttpRetryMessageHandler.SendAsync(HttpRequestMessage request, CancellationToken cancellationToken)
   at System.Net.Http.HttpClient.<SendAsync>g__Core|83_0(HttpRequestMessage request, HttpCompletionOption completionOption, CancellationTokenSource cts, Boolean disposeCts, CancellationTokenSource pendingRequestsCts, CancellationToken originalCancellationToken)
   --- End of inner exception stack trace ---
   at System.Net.Http.HttpClient.HandleFailure(Exception e, Boolean telemetryStarted, HttpResponseMessage response, CancellationTokenSource cts, CancellationToken cancellationToken, CancellationTokenSource pendingRequestsCts)
   at System.Net.Http.HttpClient.<SendAsync>g__Core|83_0(HttpRequestMessage request, HttpCompletionOption completionOption, CancellationTokenSource cts, Boolean disposeCts, CancellationTokenSource pendingRequestsCts, CancellationToken originalCancellationToken)
   at Sdk.WebApi.WebApi.RawHttpClientBase.SendAsync(HttpRequestMessage message, HttpCompletionOption completionOption, Object userState, CancellationToken cancellationToken)
   at Sdk.WebApi.WebApi.RawHttpClientBase.SendAsync[T](HttpRequestMessage message, Boolean readErrorBody, Object userState, CancellationToken cancellationToken)
   at Sdk.WebApi.WebApi.RawHttpClientBase.SendAsync[T](HttpMethod method, IEnumerable`1 additionalHeaders, Uri requestUri, HttpContent content, IEnumerable`1 queryParameters, Boolean readErrorBody, Object userState, CancellationToken cancellationToken)
   at GitHub.Actions.RunService.WebApi.BrokerHttpClient.GetRunnerMessageAsync(Nullable`1 sessionId, String runnerVersion, Nullable`1 status, String os, String architecture, Nullable`1 disableUpdate, CancellationToken cancellationToken)
   at GitHub.Runner.Common.BrokerServer.<>c__DisplayClass7_0.<<GetRunnerMessageAsync>b__0>d.MoveNext()
--- End of stack trace from previous location ---
   at GitHub.Runner.Common.RunnerService.RetryRequest[T](Func`1 func, CancellationToken cancellationToken, Int32 maxRetryAttemptsCount, Func`2 shouldRetry)
[2025-09-20 18:22:39Z ERR  BrokerServer] #####################################################
[2025-09-20 18:22:39Z ERR  BrokerServer] System.Threading.Tasks.TaskCanceledException: The operation was canceled.
 ---> System.IO.IOException: Unable to read data from the transport connection: The I/O operation has been aborted because of either a thread exit or an application request..
 ---> System.Net.Sockets.SocketException (995): The I/O operation has been aborted because of either a thread exit or an application request.
   --- End of inner exception stack trace ---
   at System.Net.Sockets.Socket.AwaitableSocketAsyncEventArgs.System.Threading.Tasks.Sources.IValueTaskSource<System.Int32>.GetResult(Int16 token)
   at System.Net.Security.SslStream.EnsureFullTlsFrameAsync[TIOAdapter](CancellationToken cancellationToken, Int32 estimatedSize)
   at System.Runtime.CompilerServices.PoolingAsyncValueTaskMethodBuilder`1.StateMachineBox`1.System.Threading.Tasks.Sources.IValueTaskSource<TResult>.GetResult(Int16 token)
   at System.Net.Security.SslStream.ReadAsyncInternal[TIOAdapter](Memory`1 buffer, CancellationToken cancellationToken)
   at System.Runtime.CompilerServices.PoolingAsyncValueTaskMethodBuilder`1.StateMachineBox`1.System.Threading.Tasks.Sources.IValueTaskSource<TResult>.GetResult(Int16 token)
   at System.Net.Http.HttpConnection.SendAsync(HttpRequestMessage request, Boolean async, CancellationToken cancellationToken)
   --- End of inner exception stack trace ---
   at System.Net.Http.HttpConnection.SendAsync(HttpRequestMessage request, Boolean async, CancellationToken cancellationToken)
   at System.Net.Http.AuthenticationHelper.SendWithNtAuthAsync(HttpRequestMessage request, Uri authUri, Boolean async, ICredentials credentials, Boolean isProxyAuth, HttpConnection connection, HttpConnectionPool connectionPool, CancellationToken cancellationToken)
   at System.Net.Http.HttpConnectionPool.SendWithVersionDetectionAndRetryAsync(HttpRequestMessage request, Boolean async, Boolean doRequestAuth, CancellationToken cancellationToken)
   at System.Net.Http.AuthenticationHelper.SendWithAuthAsync(HttpRequestMessage request, Uri authUri, Boolean async, ICredentials credentials, Boolean preAuthenticate, Boolean isProxyAuth, Boolean doRequestAuth, HttpConnectionPool pool, CancellationToken cancellationToken)
   at System.Net.Http.RedirectHandler.SendAsync(HttpRequestMessage request, Boolean async, CancellationToken cancellationToken)
   at GitHub.Services.Common.RawHttpMessageHandler.SendAsync(HttpRequestMessage request, CancellationToken cancellationToken)
   at GitHub.Services.Common.VssHttpRetryMessageHandler.SendAsync(HttpRequestMessage request, CancellationToken cancellationToken)
   at System.Net.Http.HttpClient.<SendAsync>g__Core|83_0(HttpRequestMessage request, HttpCompletionOption completionOption, CancellationTokenSource cts, Boolean disposeCts, CancellationTokenSource pendingRequestsCts, CancellationToken originalCancellationToken)
[2025-09-20 18:22:39Z ERR  BrokerServer] #####################################################
[2025-09-20 18:22:39Z ERR  BrokerServer] System.IO.IOException: Unable to read data from the transport connection: The I/O operation has been aborted because of either a thread exit or an application request..
 ---> System.Net.Sockets.SocketException (995): The I/O operation has been aborted because of either a thread exit or an application request.
   --- End of inner exception stack trace ---
   at System.Net.Sockets.Socket.AwaitableSocketAsyncEventArgs.System.Threading.Tasks.Sources.IValueTaskSource<System.Int32>.GetResult(Int16 token)
   at System.Net.Security.SslStream.EnsureFullTlsFrameAsync[TIOAdapter](CancellationToken cancellationToken, Int32 estimatedSize)
   at System.Runtime.CompilerServices.PoolingAsyncValueTaskMethodBuilder`1.StateMachineBox`1.System.Threading.Tasks.Sources.IValueTaskSource<TResult>.GetResult(Int16 token)
   at System.Net.Security.SslStream.ReadAsyncInternal[TIOAdapter](Memory`1 buffer, CancellationToken cancellationToken)
   at System.Runtime.CompilerServices.PoolingAsyncValueTaskMethodBuilder`1.StateMachineBox`1.System.Threading.Tasks.Sources.IValueTaskSource<TResult>.GetResult(Int16 token)
   at System.Net.Http.HttpConnection.SendAsync(HttpRequestMessage request, Boolean async, CancellationToken cancellationToken)
[2025-09-20 18:22:39Z ERR  BrokerServer] #####################################################
[2025-09-20 18:22:39Z ERR  BrokerServer] System.Net.Sockets.SocketException (995): The I/O operation has been aborted because of either a thread exit or an application request.
[2025-09-20 18:22:39Z WARN BrokerServer] Back off 5.202 seconds before next retry. 4 attempt left.
[2025-09-20 18:22:39Z INFO BrokerMessageListener] Get messages has been cancelled using local token source. Continue to get messages with new status.
[2025-09-20 18:26:04Z INFO Terminal] WRITE LINE: Exiting...
[2025-09-20 18:26:04Z INFO ConfigurationStore] IsServiceConfigured()
[2025-09-20 18:26:04Z INFO ConfigurationStore] IsServiceConfigured: False
[2025-09-20 18:26:04Z INFO HostContext] Runner will be shutdown for UserCancelled
[2025-09-20 18:26:04Z WARN GitHubActionsService] GET request to https://broker.actions.githubusercontent.com/message?sessionId=1a999b49-ffcc-4533-ba99-b4e84d55716f&status=Online&runnerVersion=2.328.0&os=Windows&architecture=X64&disableUpdate=false has been cancelled.
[2025-09-20 18:26:04Z ERR  BrokerServer] Catch exception during request
[2025-09-20 18:26:04Z ERR  BrokerServer] System.Threading.Tasks.TaskCanceledException: The operation was canceled.
 ---> System.Threading.Tasks.TaskCanceledException: The operation was canceled.
 ---> System.IO.IOException: Unable to read data from the transport connection: The I/O operation has been aborted because of either a thread exit or an application request..
 ---> System.Net.Sockets.SocketException (995): The I/O operation has been aborted because of either a thread exit or an application request.
   --- End of inner exception stack trace ---
   at System.Net.Sockets.Socket.AwaitableSocketAsyncEventArgs.System.Threading.Tasks.Sources.IValueTaskSource<System.Int32>.GetResult(Int16 token)
   at System.Net.Security.SslStream.EnsureFullTlsFrameAsync[TIOAdapter](CancellationToken cancellationToken, Int32 estimatedSize)
   at System.Runtime.CompilerServices.PoolingAsyncValueTaskMethodBuilder`1.StateMachineBox`1.System.Threading.Tasks.Sources.IValueTaskSource<TResult>.GetResult(Int16 token)
   at System.Net.Security.SslStream.ReadAsyncInternal[TIOAdapter](Memory`1 buffer, CancellationToken cancellationToken)
   at System.Runtime.CompilerServices.PoolingAsyncValueTaskMethodBuilder`1.StateMachineBox`1.System.Threading.Tasks.Sources.IValueTaskSource<TResult>.GetResult(Int16 token)
   at System.Net.Http.HttpConnection.SendAsync(HttpRequestMessage request, Boolean async, CancellationToken cancellationToken)
   --- End of inner exception stack trace ---
   at System.Net.Http.HttpConnection.SendAsync(HttpRequestMessage request, Boolean async, CancellationToken cancellationToken)
   at System.Net.Http.AuthenticationHelper.SendWithNtAuthAsync(HttpRequestMessage request, Uri authUri, Boolean async, ICredentials credentials, Boolean isProxyAuth, HttpConnection connection, HttpConnectionPool connectionPool, CancellationToken cancellationToken)
   at System.Net.Http.HttpConnectionPool.SendWithVersionDetectionAndRetryAsync(HttpRequestMessage request, Boolean async, Boolean doRequestAuth, CancellationToken cancellationToken)
   at System.Net.Http.AuthenticationHelper.SendWithAuthAsync(HttpRequestMessage request, Uri authUri, Boolean async, ICredentials credentials, Boolean preAuthenticate, Boolean isProxyAuth, Boolean doRequestAuth, HttpConnectionPool pool, CancellationToken cancellationToken)
   at System.Net.Http.RedirectHandler.SendAsync(HttpRequestMessage request, Boolean async, CancellationToken cancellationToken)
   at GitHub.Services.Common.RawHttpMessageHandler.SendAsync(HttpRequestMessage request, CancellationToken cancellationToken)
   at GitHub.Services.Common.VssHttpRetryMessageHandler.SendAsync(HttpRequestMessage request, CancellationToken cancellationToken)
   at System.Net.Http.HttpClient.<SendAsync>g__Core|83_0(HttpRequestMessage request, HttpCompletionOption completionOption, CancellationTokenSource cts, Boolean disposeCts, CancellationTokenSource pendingRequestsCts, CancellationToken originalCancellationToken)
   --- End of inner exception stack trace ---
   at System.Net.Http.HttpClient.HandleFailure(Exception e, Boolean telemetryStarted, HttpResponseMessage response, CancellationTokenSource cts, CancellationToken cancellationToken, CancellationTokenSource pendingRequestsCts)
   at System.Net.Http.HttpClient.<SendAsync>g__Core|83_0(HttpRequestMessage request, HttpCompletionOption completionOption, CancellationTokenSource cts, Boolean disposeCts, CancellationTokenSource pendingRequestsCts, CancellationToken originalCancellationToken)
   at Sdk.WebApi.WebApi.RawHttpClientBase.SendAsync(HttpRequestMessage message, HttpCompletionOption completionOption, Object userState, CancellationToken cancellationToken)
   at Sdk.WebApi.WebApi.RawHttpClientBase.SendAsync[T](HttpRequestMessage message, Boolean readErrorBody, Object userState, CancellationToken cancellationToken)
   at Sdk.WebApi.WebApi.RawHttpClientBase.SendAsync[T](HttpMethod method, IEnumerable`1 additionalHeaders, Uri requestUri, HttpContent content, IEnumerable`1 queryParameters, Boolean readErrorBody, Object userState, CancellationToken cancellationToken)
   at GitHub.Actions.RunService.WebApi.BrokerHttpClient.GetRunnerMessageAsync(Nullable`1 sessionId, String runnerVersion, Nullable`1 status, String os, String architecture, Nullable`1 disableUpdate, CancellationToken cancellationToken)
   at GitHub.Runner.Common.BrokerServer.<>c__DisplayClass7_0.<<GetRunnerMessageAsync>b__0>d.MoveNext()
--- End of stack trace from previous location ---
   at GitHub.Runner.Common.RunnerService.RetryRequest[T](Func`1 func, CancellationToken cancellationToken, Int32 maxRetryAttemptsCount, Func`2 shouldRetry)
[2025-09-20 18:26:04Z ERR  BrokerServer] #####################################################
[2025-09-20 18:26:04Z ERR  BrokerServer] System.Threading.Tasks.TaskCanceledException: The operation was canceled.
 ---> System.IO.IOException: Unable to read data from the transport connection: The I/O operation has been aborted because of either a thread exit or an application request..
 ---> System.Net.Sockets.SocketException (995): The I/O operation has been aborted because of either a thread exit or an application request.
   --- End of inner exception stack trace ---
   at System.Net.Sockets.Socket.AwaitableSocketAsyncEventArgs.System.Threading.Tasks.Sources.IValueTaskSource<System.Int32>.GetResult(Int16 token)
   at System.Net.Security.SslStream.EnsureFullTlsFrameAsync[TIOAdapter](CancellationToken cancellationToken, Int32 estimatedSize)
   at System.Runtime.CompilerServices.PoolingAsyncValueTaskMethodBuilder`1.StateMachineBox`1.System.Threading.Tasks.Sources.IValueTaskSource<TResult>.GetResult(Int16 token)
   at System.Net.Security.SslStream.ReadAsyncInternal[TIOAdapter](Memory`1 buffer, CancellationToken cancellationToken)
   at System.Runtime.CompilerServices.PoolingAsyncValueTaskMethodBuilder`1.StateMachineBox`1.System.Threading.Tasks.Sources.IValueTaskSource<TResult>.GetResult(Int16 token)
   at System.Net.Http.HttpConnection.SendAsync(HttpRequestMessage request, Boolean async, CancellationToken cancellationToken)
   --- End of inner exception stack trace ---
   at System.Net.Http.HttpConnection.SendAsync(HttpRequestMessage request, Boolean async, CancellationToken cancellationToken)
   at System.Net.Http.AuthenticationHelper.SendWithNtAuthAsync(HttpRequestMessage request, Uri authUri, Boolean async, ICredentials credentials, Boolean isProxyAuth, HttpConnection connection, HttpConnectionPool connectionPool, CancellationToken cancellationToken)
   at System.Net.Http.HttpConnectionPool.SendWithVersionDetectionAndRetryAsync(HttpRequestMessage request, Boolean async, Boolean doRequestAuth, CancellationToken cancellationToken)
   at System.Net.Http.AuthenticationHelper.SendWithAuthAsync(HttpRequestMessage request, Uri authUri, Boolean async, ICredentials credentials, Boolean preAuthenticate, Boolean isProxyAuth, Boolean doRequestAuth, HttpConnectionPool pool, CancellationToken cancellationToken)
   at System.Net.Http.RedirectHandler.SendAsync(HttpRequestMessage request, Boolean async, CancellationToken cancellationToken)
   at GitHub.Services.Common.RawHttpMessageHandler.SendAsync(HttpRequestMessage request, CancellationToken cancellationToken)
   at GitHub.Services.Common.VssHttpRetryMessageHandler.SendAsync(HttpRequestMessage request, CancellationToken cancellationToken)
   at System.Net.Http.HttpClient.<SendAsync>g__Core|83_0(HttpRequestMessage request, HttpCompletionOption completionOption, CancellationTokenSource cts, Boolean disposeCts, CancellationTokenSource pendingRequestsCts, CancellationToken originalCancellationToken)
[2025-09-20 18:26:04Z ERR  BrokerServer] #####################################################
[2025-09-20 18:26:04Z ERR  BrokerServer] System.IO.IOException: Unable to read data from the transport connection: The I/O operation has been aborted because of either a thread exit or an application request..
 ---> System.Net.Sockets.SocketException (995): The I/O operation has been aborted because of either a thread exit or an application request.
   --- End of inner exception stack trace ---
   at System.Net.Sockets.Socket.AwaitableSocketAsyncEventArgs.System.Threading.Tasks.Sources.IValueTaskSource<System.Int32>.GetResult(Int16 token)
   at System.Net.Security.SslStream.EnsureFullTlsFrameAsync[TIOAdapter](CancellationToken cancellationToken, Int32 estimatedSize)
   at System.Runtime.CompilerServices.PoolingAsyncValueTaskMethodBuilder`1.StateMachineBox`1.System.Threading.Tasks.Sources.IValueTaskSource<TResult>.GetResult(Int16 token)
   at System.Net.Security.SslStream.ReadAsyncInternal[TIOAdapter](Memory`1 buffer, CancellationToken cancellationToken)
   at System.Runtime.CompilerServices.PoolingAsyncValueTaskMethodBuilder`1.StateMachineBox`1.System.Threading.Tasks.Sources.IValueTaskSource<TResult>.GetResult(Int16 token)
   at System.Net.Http.HttpConnection.SendAsync(HttpRequestMessage request, Boolean async, CancellationToken cancellationToken)
[2025-09-20 18:26:04Z ERR  BrokerServer] #####################################################
[2025-09-20 18:26:04Z ERR  BrokerServer] System.Net.Sockets.SocketException (995): The I/O operation has been aborted because of either a thread exit or an application request.
[2025-09-20 18:26:04Z WARN BrokerServer] Back off 10.099 seconds before next retry. 4 attempt left.
[2025-09-20 18:26:04Z INFO BrokerMessageListener] Get next message has been cancelled.
[2025-09-20 18:26:04Z INFO JobDispatcher] Shutting down JobDispatcher. Make sure all WorkerDispatcher has finished.
[2025-09-20 18:26:04Z INFO JobDispatcher] Ensure WorkerDispatcher for job 920675f2-3f25-5349-b624-af1c96efd7b2 run to finish, cancel any running job.
[2025-09-20 18:26:04Z INFO JobDispatcher] Job request 920675f2-3f25-5349-b624-af1c96efd7b2 processed succeed.
[2025-09-20 18:26:04Z INFO Runner] Deleting Runner Session...
[2025-09-20 18:26:05Z INFO Listener] Runner execution been cancelled.
