[2025-09-21 06:12:44Z INFO HostContext] No proxy settings were found based on environmental variables (http_proxy/https_proxy/HTTP_PROXY/HTTPS_PROXY)
[2025-09-21 06:12:44Z INFO HostContext] Well known directory 'Bin': 'C:\Users\MOHAMMED SAIFUDDIN\wisecow-assig\k8s\actions-runner\bin'
[2025-09-21 06:12:44Z INFO HostContext] Well known directory 'Root': 'C:\Users\MOHAMMED SAIFUDDIN\wisecow-assig\k8s\actions-runner'
[2025-09-21 06:12:44Z INFO HostContext] Well known config file 'Credentials': 'C:\Users\MOHAMMED SAIFUDDIN\wisecow-assig\k8s\actions-runner\.credentials'
[2025-09-21 06:12:44Z INFO HostContext] Well known directory 'Bin': 'C:\Users\MOHAMMED SAIFUDDIN\wisecow-assig\k8s\actions-runner\bin'
[2025-09-21 06:12:44Z INFO HostContext] Well known directory 'Root': 'C:\Users\MOHAMMED SAIFUDDIN\wisecow-assig\k8s\actions-runner'
[2025-09-21 06:12:44Z INFO HostContext] Well known config file 'Runner': 'C:\Users\MOHAMMED SAIFUDDIN\wisecow-assig\k8s\actions-runner\.runner'
[2025-09-21 06:12:44Z INFO Listener] Runner is built for Windows (X64) - win-x64.
[2025-09-21 06:12:44Z INFO Listener] RuntimeInformation: Microsoft Windows 10.0.26100.
[2025-09-21 06:12:44Z INFO Listener] Version: 2.328.0
[2025-09-21 06:12:44Z INFO Listener] Commit: 6f9a9110adce65f44ca6f7c0ae142b9cc6af937b
[2025-09-21 06:12:44Z INFO Listener] Culture: en-IN
[2025-09-21 06:12:44Z INFO Listener] UI Culture: en-US
[2025-09-21 06:12:44Z INFO HostContext] Well known directory 'Bin': 'C:\Users\MOHAMMED SAIFUDDIN\wisecow-assig\k8s\actions-runner\bin'
[2025-09-21 06:12:44Z INFO HostContext] Well known directory 'Root': 'C:\Users\MOHAMMED SAIFUDDIN\wisecow-assig\k8s\actions-runner'
[2025-09-21 06:12:44Z INFO Listener] Validating directory permissions for: 'C:\Users\MOHAMMED SAIFUDDIN\wisecow-assig\k8s\actions-runner'
[2025-09-21 06:12:44Z INFO CommandLineParser] Parse
[2025-09-21 06:12:44Z INFO CommandLineParser] Parsing 1 args
[2025-09-21 06:12:44Z INFO CommandLineParser] parsing argument
[2025-09-21 06:12:44Z INFO CommandLineParser] HasArgs: False
[2025-09-21 06:12:44Z INFO CommandLineParser] Adding Command: run
[2025-09-21 06:12:44Z INFO Listener] Arguments parsed
[2025-09-21 06:12:44Z INFO Runner] ExecuteCommand
[2025-09-21 06:12:44Z INFO ConfigurationStore] currentAssemblyLocation: C:\Users\MOHAMMED SAIFUDDIN\wisecow-assig\k8s\actions-runner\bin\Runner.Listener.dll
[2025-09-21 06:12:44Z INFO HostContext] Well known directory 'Bin': 'C:\Users\MOHAMMED SAIFUDDIN\wisecow-assig\k8s\actions-runner\bin'
[2025-09-21 06:12:44Z INFO ConfigurationStore] binPath: C:\Users\MOHAMMED SAIFUDDIN\wisecow-assig\k8s\actions-runner\bin
[2025-09-21 06:12:44Z INFO HostContext] Well known directory 'Bin': 'C:\Users\MOHAMMED SAIFUDDIN\wisecow-assig\k8s\actions-runner\bin'
[2025-09-21 06:12:44Z INFO HostContext] Well known directory 'Root': 'C:\Users\MOHAMMED SAIFUDDIN\wisecow-assig\k8s\actions-runner'
[2025-09-21 06:12:44Z INFO ConfigurationStore] RootFolder: C:\Users\MOHAMMED SAIFUDDIN\wisecow-assig\k8s\actions-runner
[2025-09-21 06:12:44Z INFO HostContext] Well known directory 'Bin': 'C:\Users\MOHAMMED SAIFUDDIN\wisecow-assig\k8s\actions-runner\bin'
[2025-09-21 06:12:44Z INFO HostContext] Well known directory 'Root': 'C:\Users\MOHAMMED SAIFUDDIN\wisecow-assig\k8s\actions-runner'
[2025-09-21 06:12:44Z INFO HostContext] Well known config file 'Runner': 'C:\Users\MOHAMMED SAIFUDDIN\wisecow-assig\k8s\actions-runner\.runner'
[2025-09-21 06:12:44Z INFO ConfigurationStore] ConfigFilePath: C:\Users\MOHAMMED SAIFUDDIN\wisecow-assig\k8s\actions-runner\.runner
[2025-09-21 06:12:44Z INFO HostContext] Well known directory 'Bin': 'C:\Users\MOHAMMED SAIFUDDIN\wisecow-assig\k8s\actions-runner\bin'
[2025-09-21 06:12:44Z INFO HostContext] Well known directory 'Root': 'C:\Users\MOHAMMED SAIFUDDIN\wisecow-assig\k8s\actions-runner'
[2025-09-21 06:12:44Z INFO HostContext] Well known config file 'MigratedRunner': 'C:\Users\MOHAMMED SAIFUDDIN\wisecow-assig\k8s\actions-runner\.runner_migrated'
[2025-09-21 06:12:44Z INFO ConfigurationStore] MigratedConfigFilePath: C:\Users\MOHAMMED SAIFUDDIN\wisecow-assig\k8s\actions-runner\.runner_migrated
[2025-09-21 06:12:44Z INFO HostContext] Well known directory 'Bin': 'C:\Users\MOHAMMED SAIFUDDIN\wisecow-assig\k8s\actions-runner\bin'
[2025-09-21 06:12:44Z INFO HostContext] Well known directory 'Root': 'C:\Users\MOHAMMED SAIFUDDIN\wisecow-assig\k8s\actions-runner'
[2025-09-21 06:12:44Z INFO HostContext] Well known config file 'Credentials': 'C:\Users\MOHAMMED SAIFUDDIN\wisecow-assig\k8s\actions-runner\.credentials'
[2025-09-21 06:12:44Z INFO ConfigurationStore] CredFilePath: C:\Users\MOHAMMED SAIFUDDIN\wisecow-assig\k8s\actions-runner\.credentials
[2025-09-21 06:12:44Z INFO HostContext] Well known directory 'Bin': 'C:\Users\MOHAMMED SAIFUDDIN\wisecow-assig\k8s\actions-runner\bin'
[2025-09-21 06:12:44Z INFO HostContext] Well known directory 'Root': 'C:\Users\MOHAMMED SAIFUDDIN\wisecow-assig\k8s\actions-runner'
[2025-09-21 06:12:44Z INFO HostContext] Well known config file 'MigratedCredentials': 'C:\Users\MOHAMMED SAIFUDDIN\wisecow-assig\k8s\actions-runner\.credentials_migrated'
[2025-09-21 06:12:44Z INFO ConfigurationStore] MigratedCredFilePath: C:\Users\MOHAMMED SAIFUDDIN\wisecow-assig\k8s\actions-runner\.credentials_migrated
[2025-09-21 06:12:44Z INFO HostContext] Well known directory 'Bin': 'C:\Users\MOHAMMED SAIFUDDIN\wisecow-assig\k8s\actions-runner\bin'
[2025-09-21 06:12:44Z INFO HostContext] Well known directory 'Root': 'C:\Users\MOHAMMED SAIFUDDIN\wisecow-assig\k8s\actions-runner'
[2025-09-21 06:12:44Z INFO HostContext] Well known config file 'Service': 'C:\Users\MOHAMMED SAIFUDDIN\wisecow-assig\k8s\actions-runner\.service'
[2025-09-21 06:12:44Z INFO ConfigurationStore] ServiceConfigFilePath: C:\Users\MOHAMMED SAIFUDDIN\wisecow-assig\k8s\actions-runner\.service
[2025-09-21 06:12:44Z INFO CommandSettings] Flag 'help': 'False'
[2025-09-21 06:12:44Z INFO CommandSettings] Flag 'version': 'False'
[2025-09-21 06:12:44Z INFO CommandSettings] Flag 'commit': 'False'
[2025-09-21 06:12:44Z INFO CommandSettings] Flag 'check': 'False'
[2025-09-21 06:12:44Z INFO CommandSettings] Command 'configure': 'False'
[2025-09-21 06:12:44Z INFO CommandSettings] Command 'remove': 'False'
[2025-09-21 06:12:44Z INFO CommandSettings] Command 'warmup': 'False'
[2025-09-21 06:12:44Z INFO ConfigurationManager] LoadSettings
[2025-09-21 06:12:44Z INFO ConfigurationStore] IsConfigured()
[2025-09-21 06:12:44Z INFO ConfigurationStore] IsConfigured: True
[2025-09-21 06:12:44Z INFO ConfigurationManager] Is configured: True
[2025-09-21 06:12:44Z INFO ConfigurationStore] Read setting file: 412 chars
[2025-09-21 06:12:44Z INFO ConfigurationManager] Settings Loaded
[2025-09-21 06:12:44Z INFO ConfigurationStore] IsServiceConfigured()
[2025-09-21 06:12:44Z INFO ConfigurationStore] IsServiceConfigured: False
[2025-09-21 06:12:44Z INFO CommandSettings] Command 'run': 'True'
[2025-09-21 06:12:44Z INFO ConfigurationStore] IsConfigured()
[2025-09-21 06:12:44Z INFO ConfigurationStore] IsConfigured: True
[2025-09-21 06:12:44Z INFO ConfigurationManager] Is configured: True
[2025-09-21 06:12:44Z INFO Runner] Could not parse the argument value '' for StartupType. Defaulting to Manual
[2025-09-21 06:12:44Z INFO Runner] Set runner startup type - Manual
[2025-09-21 06:12:44Z INFO CommandSettings] Flag 'once': 'False'
[2025-09-21 06:12:44Z INFO CommandSettings] Flag 'once': 'False'
[2025-09-21 06:12:44Z INFO Runner] RunAsync
[2025-09-21 06:12:44Z INFO ConfigurationManager] LoadMigratedSettings
[2025-09-21 06:12:44Z INFO ConfigurationStore] IsMigratedConfigured()
[2025-09-21 06:12:44Z INFO ConfigurationStore] IsMigratedConfigured: False
[2025-09-21 06:12:44Z INFO Runner] Failed to load migrated settings: No migrated configuration found.
[2025-09-21 06:12:44Z INFO Runner] Falling back to original .runner settings
[2025-09-21 06:12:44Z INFO Runner] Using BrokerMessageListener
[2025-09-21 06:12:44Z INFO BrokerMessageListener] Using provided settings
[2025-09-21 06:12:44Z INFO BrokerMessageListener] {
  "AgentId": 22,
  "AgentName": "LAPTOP-F6M01O0M",
  "PoolId": 1,
  "PoolName": "Default",
  "ServerUrl": "https://pipelinesghubeus14.actions.githubusercontent.com/cluBm5foYVqtEeJXFx7mEgfvT6ZgcB15NkBJC9bXdZea2Ov7KF/",
  "GitHubUrl": "https://github.com/mohammed-saifuddin/wisecow-assig",
  "WorkFolder": "_work",
  "UseV2Flow": true,
  "ServerUrlV2": "https://broker.actions.githubusercontent.com/"
}
[2025-09-21 06:12:44Z INFO BrokerMessageListener] Loading Credentials
[2025-09-21 06:12:44Z INFO ConfigurationStore] HasCredentials()
[2025-09-21 06:12:44Z INFO ConfigurationStore] stored True
[2025-09-21 06:12:44Z INFO CredentialManager] GetCredentialProvider
[2025-09-21 06:12:44Z INFO CredentialManager] Creating type OAuth
[2025-09-21 06:12:44Z INFO CredentialManager] Creating credential type: OAuth
[2025-09-21 06:12:44Z INFO HostContext] Well known directory 'Bin': 'C:\Users\MOHAMMED SAIFUDDIN\wisecow-assig\k8s\actions-runner\bin'
[2025-09-21 06:12:44Z INFO HostContext] Well known directory 'Root': 'C:\Users\MOHAMMED SAIFUDDIN\wisecow-assig\k8s\actions-runner'
[2025-09-21 06:12:44Z INFO HostContext] Well known config file 'RSACredentials': 'C:\Users\MOHAMMED SAIFUDDIN\wisecow-assig\k8s\actions-runner\.credentials_rsaparams'
[2025-09-21 06:12:44Z INFO RSAEncryptedFileKeyManager] Loading RSA key parameters from file C:\Users\MOHAMMED SAIFUDDIN\wisecow-assig\k8s\actions-runner\.credentials_rsaparams
[2025-09-21 06:12:44Z INFO BrokerMessageListener] Attempt to create session.
[2025-09-21 06:12:44Z INFO BrokerMessageListener] Connecting to the Broker Server...
[2025-09-21 06:12:44Z INFO ConfigurationStore] HasCredentials()
[2025-09-21 06:12:44Z INFO ConfigurationStore] stored True
[2025-09-21 06:12:44Z INFO CredentialManager] GetCredentialProvider
[2025-09-21 06:12:44Z INFO CredentialManager] Creating type OAuth
[2025-09-21 06:12:44Z INFO CredentialManager] Creating credential type: OAuth
[2025-09-21 06:12:44Z INFO RSAEncryptedFileKeyManager] Loading RSA key parameters from file C:\Users\MOHAMMED SAIFUDDIN\wisecow-assig\k8s\actions-runner\.credentials_rsaparams
[2025-09-21 06:12:44Z INFO BrokerMessageListener] VssConnection created
[2025-09-21 06:12:44Z INFO BrokerMessageListener] Connecting to the Runner server...
[2025-09-21 06:12:44Z INFO RunnerServer] EstablishVssConnection
[2025-09-21 06:12:44Z INFO RunnerServer] Establish connection with 100 seconds timeout.
[2025-09-21 06:12:44Z INFO GitHubActionsService] Starting operation Location.GetConnectionData
[2025-09-21 06:12:44Z INFO RunnerServer] EstablishVssConnection
[2025-09-21 06:12:44Z INFO RunnerServer] Establish connection with 60 seconds timeout.
[2025-09-21 06:12:44Z INFO GitHubActionsService] Starting operation Location.GetConnectionData
[2025-09-21 06:12:44Z INFO RunnerServer] EstablishVssConnection
[2025-09-21 06:12:44Z INFO RunnerServer] Establish connection with 60 seconds timeout.
[2025-09-21 06:12:44Z INFO GitHubActionsService] Starting operation Location.GetConnectionData
[2025-09-21 06:12:46Z INFO GitHubActionsService] Finished operation Location.GetConnectionData
[2025-09-21 06:12:46Z INFO GitHubActionsService] Finished operation Location.GetConnectionData
[2025-09-21 06:12:46Z INFO GitHubActionsService] Finished operation Location.GetConnectionData
[2025-09-21 06:12:46Z INFO BrokerMessageListener] VssConnection created
[2025-09-21 06:12:46Z INFO Terminal] WRITE LINE: 
[2025-09-21 06:12:46Z INFO Terminal] WRITE LINE: 
[2025-09-21 06:12:46Z INFO RSAEncryptedFileKeyManager] Loading RSA key parameters from file C:\Users\MOHAMMED SAIFUDDIN\wisecow-assig\k8s\actions-runner\.credentials_rsaparams
[2025-09-21 06:12:46Z INFO RSAEncryptedFileKeyManager] Loading RSA key parameters from file C:\Users\MOHAMMED SAIFUDDIN\wisecow-assig\k8s\actions-runner\.credentials_rsaparams
[2025-09-21 06:12:47Z INFO GitHubActionsService] AAD Correlation ID for this token request: Unknown
[2025-09-21 06:12:48Z INFO BrokerMessageListener] Session created.
[2025-09-21 06:12:48Z INFO Terminal] WRITE LINE: Current runner version: '2.328.0'
[2025-09-21 06:12:48Z INFO Terminal] WRITE LINE: 2025-09-21 06:12:48Z: Listening for Jobs
[2025-09-21 06:12:48Z INFO JobDispatcher] Set runner/worker IPC timeout to 30 seconds.
[2025-09-21 06:12:49Z INFO ConfigurationStore] HasCredentials()
[2025-09-21 06:12:49Z INFO ConfigurationStore] stored True
[2025-09-21 06:12:49Z INFO CredentialManager] GetCredentialProvider
[2025-09-21 06:12:49Z INFO CredentialManager] Creating type OAuth
[2025-09-21 06:12:49Z INFO CredentialManager] Creating credential type: OAuth
[2025-09-21 06:12:49Z INFO RSAEncryptedFileKeyManager] Loading RSA key parameters from file C:\Users\MOHAMMED SAIFUDDIN\wisecow-assig\k8s\actions-runner\.credentials_rsaparams
[2025-09-21 06:12:49Z INFO RSAEncryptedFileKeyManager] Loading RSA key parameters from file C:\Users\MOHAMMED SAIFUDDIN\wisecow-assig\k8s\actions-runner\.credentials_rsaparams
[2025-09-21 06:12:49Z INFO RSAEncryptedFileKeyManager] Loading RSA key parameters from file C:\Users\MOHAMMED SAIFUDDIN\wisecow-assig\k8s\actions-runner\.credentials_rsaparams
[2025-09-21 06:12:50Z INFO GitHubActionsService] AAD Correlation ID for this token request: Unknown
[2025-09-21 06:12:52Z INFO JobDispatcher] Job request 0 for plan e22506e8-cbf6-4504-97d5-be456f3990b1 job 11f4011c-a373-56c7-86e9-0b6a73e6aedc received.
[2025-09-21 06:12:52Z INFO JobDispatcher] Pull OrchestrationId e22506e8-cbf6-4504-97d5-be456f3990b1.build-and-deploy.__default from JWT claims
[2025-09-21 06:12:52Z INFO BrokerMessageListener] Received job status event. JobState: Busy
[2025-09-21 06:12:52Z INFO BrokerMessageListener] _getMessagesTokenSource is already disposed.
[2025-09-21 06:12:52Z INFO Terminal] WRITE LINE: 2025-09-21 06:12:52Z: Running job: build-and-deploy
[2025-09-21 06:12:52Z INFO JobDispatcher] Start renew job request 0 for job 11f4011c-a373-56c7-86e9-0b6a73e6aedc.
[2025-09-21 06:12:52Z INFO JobDispatcher] Successfully renew job 11f4011c-a373-56c7-86e9-0b6a73e6aedc, job is valid till 21-09-2025 06:22:52
[2025-09-21 06:12:52Z INFO HostContext] Well known directory 'Bin': 'C:\Users\MOHAMMED SAIFUDDIN\wisecow-assig\k8s\actions-runner\bin'
[2025-09-21 06:12:52Z INFO ProcessInvokerWrapper] Starting process:
[2025-09-21 06:12:52Z INFO ProcessInvokerWrapper]   File name: 'C:\Users\MOHAMMED SAIFUDDIN\wisecow-assig\k8s\actions-runner\bin\Runner.Worker.exe'
[2025-09-21 06:12:52Z INFO ProcessInvokerWrapper]   Arguments: 'spawnclient 2172 2292'
[2025-09-21 06:12:52Z INFO ProcessInvokerWrapper]   Working directory: 'C:\Users\MOHAMMED SAIFUDDIN\wisecow-assig\k8s\actions-runner\bin'
[2025-09-21 06:12:52Z INFO ProcessInvokerWrapper]   Require exit code zero: 'False'
[2025-09-21 06:12:52Z INFO ProcessInvokerWrapper]   Encoding web name:  ; code page: ''
[2025-09-21 06:12:52Z INFO ProcessInvokerWrapper]   Force kill process on cancellation: 'True'
[2025-09-21 06:12:52Z INFO ProcessInvokerWrapper]   Redirected STDIN: 'False'
[2025-09-21 06:12:52Z INFO ProcessInvokerWrapper]   Persist current code page: 'False'
[2025-09-21 06:12:52Z INFO ProcessInvokerWrapper]   Keep redirected STDIN open: 'False'
[2025-09-21 06:12:52Z INFO ProcessInvokerWrapper]   High priority process: 'True'
[2025-09-21 06:12:53Z INFO ProcessInvokerWrapper] Process started with process id 25916, waiting for process exit.
[2025-09-21 06:12:53Z INFO JobDispatcher] Send job request message to worker for job 11f4011c-a373-56c7-86e9-0b6a73e6aedc.
[2025-09-21 06:12:53Z INFO ProcessChannel] Sending message of length 23791, with hash '84d876465469d72ea7ffb8ad00dd0abfc42691d87c847f8073b5e50757491338'
[2025-09-21 06:12:54Z INFO JobNotification] Entering JobStarted Notification
[2025-09-21 06:12:54Z INFO JobNotification] Entering StartMonitor
[2025-09-21 06:13:54Z INFO JobDispatcher] Successfully renew job 11f4011c-a373-56c7-86e9-0b6a73e6aedc, job is valid till 21-09-2025 06:23:53
[2025-09-21 06:14:14Z INFO ProcessInvokerWrapper] STDOUT/STDERR stream read finished.
[2025-09-21 06:14:14Z INFO ProcessInvokerWrapper] STDOUT/STDERR stream read finished.
[2025-09-21 06:14:14Z INFO ProcessInvokerWrapper] Finished process 25916 with exit code 102, and elapsed time 00:01:21.3659131.
[2025-09-21 06:14:14Z INFO JobDispatcher] Worker finished for job 11f4011c-a373-56c7-86e9-0b6a73e6aedc. Code: 102
[2025-09-21 06:14:14Z INFO JobDispatcher] finish job request for job 11f4011c-a373-56c7-86e9-0b6a73e6aedc with result: Failed
[2025-09-21 06:14:14Z INFO Terminal] WRITE LINE: 2025-09-21 06:14:14Z: Job build-and-deploy completed with result: Failed
[2025-09-21 06:14:14Z INFO JobDispatcher] Stop renew job request for job 11f4011c-a373-56c7-86e9-0b6a73e6aedc.
[2025-09-21 06:14:14Z INFO JobDispatcher] job renew has been cancelled, stop renew job 11f4011c-a373-56c7-86e9-0b6a73e6aedc.
[2025-09-21 06:14:14Z INFO JobNotification] Entering JobCompleted Notification
[2025-09-21 06:14:14Z INFO JobNotification] Entering EndMonitor
[2025-09-21 06:14:14Z INFO BrokerMessageListener] Received job status event. JobState: Online
[2025-09-21 06:14:14Z WARN GitHubActionsService] GET request to https://broker.actions.githubusercontent.com/message?sessionId=fd9ec8b3-bf4e-4499-9e2c-30277d514749&status=Busy&runnerVersion=2.328.0&os=Windows&architecture=X64&disableUpdate=false has been cancelled.
[2025-09-21 06:14:14Z ERR  BrokerServer] Catch exception during request
[2025-09-21 06:14:14Z ERR  BrokerServer] System.Threading.Tasks.TaskCanceledException: The operation was canceled.
 ---> System.Threading.Tasks.TaskCanceledException: The operation was canceled.
 ---> System.IO.IOException: Unable to read data from the transport connection: The I/O operation has been aborted because of either a thread exit or an application request..
 ---> System.Net.Sockets.SocketException (995): The I/O operation has been aborted because of either a thread exit or an application request.
   --- End of inner exception stack trace ---
   at System.Net.Sockets.Socket.AwaitableSocketAsyncEventArgs.ThrowException(SocketError error, CancellationToken cancellationToken)
   at System.Net.Sockets.Socket.AwaitableSocketAsyncEventArgs.System.Threading.Tasks.Sources.IValueTaskSource<System.Int32>.GetResult(Int16 token)
   at System.Net.Security.SslStream.EnsureFullTlsFrameAsync[TIOAdapter](CancellationToken cancellationToken, Int32 estimatedSize)
   at System.Runtime.CompilerServices.PoolingAsyncValueTaskMethodBuilder`1.StateMachineBox`1.System.Threading.Tasks.Sources.IValueTaskSource<TResult>.GetResult(Int16 token)
   at System.Net.Security.SslStream.ReadAsyncInternal[TIOAdapter](Memory`1 buffer, CancellationToken cancellationToken)
   at System.Runtime.CompilerServices.PoolingAsyncValueTaskMethodBuilder`1.StateMachineBox`1.System.Threading.Tasks.Sources.IValueTaskSource<TResult>.GetResult(Int16 token)
   at System.Net.Http.HttpConnection.SendAsync(HttpRequestMessage request, Boolean async, CancellationToken cancellationToken)
   --- End of inner exception stack trace ---
   at System.Net.Http.HttpConnection.SendAsync(HttpRequestMessage request, Boolean async, CancellationToken cancellationToken)
   at System.Net.Http.AuthenticationHelper.SendWithNtAuthAsync(HttpRequestMessage request, Uri authUri, Boolean async, ICredentials credentials, Boolean isProxyAuth, HttpConnection connection, HttpConnectionPool connectionPool, CancellationToken cancellationToken)
   at System.Net.Http.HttpConnectionPool.SendWithVersionDetectionAndRetryAsync(HttpRequestMessage request, Boolean async, Boolean doRequestAuth, CancellationToken cancellationToken)
   at System.Net.Http.AuthenticationHelper.SendWithAuthAsync(HttpRequestMessage request, Uri authUri, Boolean async, ICredentials credentials, Boolean preAuthenticate, Boolean isProxyAuth, Boolean doRequestAuth, HttpConnectionPool pool, CancellationToken cancellationToken)
   at System.Net.Http.RedirectHandler.SendAsync(HttpRequestMessage request, Boolean async, CancellationToken cancellationToken)
   at GitHub.Services.Common.RawHttpMessageHandler.SendAsync(HttpRequestMessage request, CancellationToken cancellationToken)
   at GitHub.Services.Common.VssHttpRetryMessageHandler.SendAsync(HttpRequestMessage request, CancellationToken cancellationToken)
   at System.Net.Http.HttpClient.<SendAsync>g__Core|83_0(HttpRequestMessage request, HttpCompletionOption completionOption, CancellationTokenSource cts, Boolean disposeCts, CancellationTokenSource pendingRequestsCts, CancellationToken originalCancellationToken)
   --- End of inner exception stack trace ---
   at System.Net.Http.HttpClient.HandleFailure(Exception e, Boolean telemetryStarted, HttpResponseMessage response, CancellationTokenSource cts, CancellationToken cancellationToken, CancellationTokenSource pendingRequestsCts)
   at System.Net.Http.HttpClient.<SendAsync>g__Core|83_0(HttpRequestMessage request, HttpCompletionOption completionOption, CancellationTokenSource cts, Boolean disposeCts, CancellationTokenSource pendingRequestsCts, CancellationToken originalCancellationToken)
   at Sdk.WebApi.WebApi.RawHttpClientBase.SendAsync(HttpRequestMessage message, HttpCompletionOption completionOption, Object userState, CancellationToken cancellationToken)
   at Sdk.WebApi.WebApi.RawHttpClientBase.SendAsync[T](HttpRequestMessage message, Boolean readErrorBody, Object userState, CancellationToken cancellationToken)
   at Sdk.WebApi.WebApi.RawHttpClientBase.SendAsync[T](HttpMethod method, IEnumerable`1 additionalHeaders, Uri requestUri, HttpContent content, IEnumerable`1 queryParameters, Boolean readErrorBody, Object userState, CancellationToken cancellationToken)
   at GitHub.Actions.RunService.WebApi.BrokerHttpClient.GetRunnerMessageAsync(Nullable`1 sessionId, String runnerVersion, Nullable`1 status, String os, String architecture, Nullable`1 disableUpdate, CancellationToken cancellationToken)
   at GitHub.Runner.Common.BrokerServer.<>c__DisplayClass7_0.<<GetRunnerMessageAsync>b__0>d.MoveNext()
--- End of stack trace from previous location ---
   at GitHub.Runner.Common.RunnerService.RetryRequest[T](Func`1 func, CancellationToken cancellationToken, Int32 maxRetryAttemptsCount, Func`2 shouldRetry)
[2025-09-21 06:14:14Z ERR  BrokerServer] #####################################################
[2025-09-21 06:14:14Z ERR  BrokerServer] System.Threading.Tasks.TaskCanceledException: The operation was canceled.
 ---> System.IO.IOException: Unable to read data from the transport connection: The I/O operation has been aborted because of either a thread exit or an application request..
 ---> System.Net.Sockets.SocketException (995): The I/O operation has been aborted because of either a thread exit or an application request.
   --- End of inner exception stack trace ---
   at System.Net.Sockets.Socket.AwaitableSocketAsyncEventArgs.ThrowException(SocketError error, CancellationToken cancellationToken)
   at System.Net.Sockets.Socket.AwaitableSocketAsyncEventArgs.System.Threading.Tasks.Sources.IValueTaskSource<System.Int32>.GetResult(Int16 token)
   at System.Net.Security.SslStream.EnsureFullTlsFrameAsync[TIOAdapter](CancellationToken cancellationToken, Int32 estimatedSize)
   at System.Runtime.CompilerServices.PoolingAsyncValueTaskMethodBuilder`1.StateMachineBox`1.System.Threading.Tasks.Sources.IValueTaskSource<TResult>.GetResult(Int16 token)
   at System.Net.Security.SslStream.ReadAsyncInternal[TIOAdapter](Memory`1 buffer, CancellationToken cancellationToken)
   at System.Runtime.CompilerServices.PoolingAsyncValueTaskMethodBuilder`1.StateMachineBox`1.System.Threading.Tasks.Sources.IValueTaskSource<TResult>.GetResult(Int16 token)
   at System.Net.Http.HttpConnection.SendAsync(HttpRequestMessage request, Boolean async, CancellationToken cancellationToken)
   --- End of inner exception stack trace ---
   at System.Net.Http.HttpConnection.SendAsync(HttpRequestMessage request, Boolean async, CancellationToken cancellationToken)
   at System.Net.Http.AuthenticationHelper.SendWithNtAuthAsync(HttpRequestMessage request, Uri authUri, Boolean async, ICredentials credentials, Boolean isProxyAuth, HttpConnection connection, HttpConnectionPool connectionPool, CancellationToken cancellationToken)
   at System.Net.Http.HttpConnectionPool.SendWithVersionDetectionAndRetryAsync(HttpRequestMessage request, Boolean async, Boolean doRequestAuth, CancellationToken cancellationToken)
   at System.Net.Http.AuthenticationHelper.SendWithAuthAsync(HttpRequestMessage request, Uri authUri, Boolean async, ICredentials credentials, Boolean preAuthenticate, Boolean isProxyAuth, Boolean doRequestAuth, HttpConnectionPool pool, CancellationToken cancellationToken)
   at System.Net.Http.RedirectHandler.SendAsync(HttpRequestMessage request, Boolean async, CancellationToken cancellationToken)
   at GitHub.Services.Common.RawHttpMessageHandler.SendAsync(HttpRequestMessage request, CancellationToken cancellationToken)
   at GitHub.Services.Common.VssHttpRetryMessageHandler.SendAsync(HttpRequestMessage request, CancellationToken cancellationToken)
   at System.Net.Http.HttpClient.<SendAsync>g__Core|83_0(HttpRequestMessage request, HttpCompletionOption completionOption, CancellationTokenSource cts, Boolean disposeCts, CancellationTokenSource pendingRequestsCts, CancellationToken originalCancellationToken)
[2025-09-21 06:14:14Z ERR  BrokerServer] #####################################################
[2025-09-21 06:14:14Z ERR  BrokerServer] System.IO.IOException: Unable to read data from the transport connection: The I/O operation has been aborted because of either a thread exit or an application request..
 ---> System.Net.Sockets.SocketException (995): The I/O operation has been aborted because of either a thread exit or an application request.
   --- End of inner exception stack trace ---
   at System.Net.Sockets.Socket.AwaitableSocketAsyncEventArgs.ThrowException(SocketError error, CancellationToken cancellationToken)
   at System.Net.Sockets.Socket.AwaitableSocketAsyncEventArgs.System.Threading.Tasks.Sources.IValueTaskSource<System.Int32>.GetResult(Int16 token)
   at System.Net.Security.SslStream.EnsureFullTlsFrameAsync[TIOAdapter](CancellationToken cancellationToken, Int32 estimatedSize)
   at System.Runtime.CompilerServices.PoolingAsyncValueTaskMethodBuilder`1.StateMachineBox`1.System.Threading.Tasks.Sources.IValueTaskSource<TResult>.GetResult(Int16 token)
   at System.Net.Security.SslStream.ReadAsyncInternal[TIOAdapter](Memory`1 buffer, CancellationToken cancellationToken)
   at System.Runtime.CompilerServices.PoolingAsyncValueTaskMethodBuilder`1.StateMachineBox`1.System.Threading.Tasks.Sources.IValueTaskSource<TResult>.GetResult(Int16 token)
   at System.Net.Http.HttpConnection.SendAsync(HttpRequestMessage request, Boolean async, CancellationToken cancellationToken)
[2025-09-21 06:14:14Z ERR  BrokerServer] #####################################################
[2025-09-21 06:14:14Z ERR  BrokerServer] System.Net.Sockets.SocketException (995): The I/O operation has been aborted because of either a thread exit or an application request.
[2025-09-21 06:14:14Z WARN BrokerServer] Back off 12.716 seconds before next retry. 4 attempt left.
[2025-09-21 06:14:14Z INFO BrokerMessageListener] Get messages has been cancelled using local token source. Continue to get messages with new status.
[2025-09-21 06:15:14Z INFO ConfigurationStore] HasCredentials()
[2025-09-21 06:15:14Z INFO ConfigurationStore] stored True
[2025-09-21 06:15:14Z INFO CredentialManager] GetCredentialProvider
[2025-09-21 06:15:14Z INFO CredentialManager] Creating type OAuth
[2025-09-21 06:15:14Z INFO CredentialManager] Creating credential type: OAuth
[2025-09-21 06:15:14Z INFO RSAEncryptedFileKeyManager] Loading RSA key parameters from file C:\Users\MOHAMMED SAIFUDDIN\wisecow-assig\k8s\actions-runner\.credentials_rsaparams
[2025-09-21 06:15:14Z INFO RSAEncryptedFileKeyManager] Loading RSA key parameters from file C:\Users\MOHAMMED SAIFUDDIN\wisecow-assig\k8s\actions-runner\.credentials_rsaparams
[2025-09-21 06:15:14Z INFO RSAEncryptedFileKeyManager] Loading RSA key parameters from file C:\Users\MOHAMMED SAIFUDDIN\wisecow-assig\k8s\actions-runner\.credentials_rsaparams
[2025-09-21 06:15:16Z INFO GitHubActionsService] AAD Correlation ID for this token request: Unknown
[2025-09-21 06:15:18Z INFO JobDispatcher] Job request 0 for plan d9604c24-28d9-4633-976b-a8c28930fb49 job 784e3bbc-1f26-5d98-8d08-17e197496079 received.
[2025-09-21 06:15:19Z INFO JobDispatcher] Pull OrchestrationId d9604c24-28d9-4633-976b-a8c28930fb49.build-and-deploy.__default from JWT claims
[2025-09-21 06:15:19Z INFO BrokerMessageListener] Received job status event. JobState: Busy
[2025-09-21 06:15:19Z INFO BrokerMessageListener] _getMessagesTokenSource is already disposed.
[2025-09-21 06:15:19Z INFO JobDispatcher] Job request 11f4011c-a373-56c7-86e9-0b6a73e6aedc processed succeed.
[2025-09-21 06:15:19Z INFO Terminal] WRITE LINE: 2025-09-21 06:15:19Z: Running job: build-and-deploy
[2025-09-21 06:15:19Z INFO JobDispatcher] Start renew job request 0 for job 784e3bbc-1f26-5d98-8d08-17e197496079.
[2025-09-21 06:15:19Z INFO JobDispatcher] Successfully renew job 784e3bbc-1f26-5d98-8d08-17e197496079, job is valid till 21-09-2025 06:25:19
[2025-09-21 06:15:19Z INFO HostContext] Well known directory 'Bin': 'C:\Users\MOHAMMED SAIFUDDIN\wisecow-assig\k8s\actions-runner\bin'
[2025-09-21 06:15:19Z INFO ProcessInvokerWrapper] Starting process:
[2025-09-21 06:15:19Z INFO ProcessInvokerWrapper]   File name: 'C:\Users\MOHAMMED SAIFUDDIN\wisecow-assig\k8s\actions-runner\bin\Runner.Worker.exe'
[2025-09-21 06:15:19Z INFO ProcessInvokerWrapper]   Arguments: 'spawnclient 2076 2328'
[2025-09-21 06:15:19Z INFO ProcessInvokerWrapper]   Working directory: 'C:\Users\MOHAMMED SAIFUDDIN\wisecow-assig\k8s\actions-runner\bin'
[2025-09-21 06:15:19Z INFO ProcessInvokerWrapper]   Require exit code zero: 'False'
[2025-09-21 06:15:19Z INFO ProcessInvokerWrapper]   Encoding web name:  ; code page: ''
[2025-09-21 06:15:19Z INFO ProcessInvokerWrapper]   Force kill process on cancellation: 'True'
[2025-09-21 06:15:19Z INFO ProcessInvokerWrapper]   Redirected STDIN: 'False'
[2025-09-21 06:15:19Z INFO ProcessInvokerWrapper]   Persist current code page: 'False'
[2025-09-21 06:15:19Z INFO ProcessInvokerWrapper]   Keep redirected STDIN open: 'False'
[2025-09-21 06:15:19Z INFO ProcessInvokerWrapper]   High priority process: 'True'
[2025-09-21 06:15:20Z INFO ProcessInvokerWrapper] Process started with process id 21512, waiting for process exit.
[2025-09-21 06:15:20Z INFO JobDispatcher] Send job request message to worker for job 784e3bbc-1f26-5d98-8d08-17e197496079.
[2025-09-21 06:15:20Z INFO ProcessChannel] Sending message of length 23791, with hash '080dcd93da24ffd1a7c44e88f4dcc2086c5a1b4281ccd2277d8b3ede95535670'
[2025-09-21 06:15:20Z INFO JobNotification] Entering JobStarted Notification
[2025-09-21 06:15:20Z INFO JobNotification] Entering StartMonitor
[2025-09-21 06:16:22Z INFO JobDispatcher] Successfully renew job 784e3bbc-1f26-5d98-8d08-17e197496079, job is valid till 21-09-2025 06:26:21
[2025-09-21 06:19:25Z WARN GitHubActionsService] Retrieving an AAD auth token took a long time (3.5283865 seconds)
[2025-09-21 06:20:22Z WARN GitHubActionsService] POST request to https://run-actions-1-azure-eastus.actions.githubusercontent.com/38/renewjob timed out after 100 seconds.
[2025-09-21 06:20:33Z ERR  RunServer] Catch exception during request
